#
# A fatal error has been detected by the Java Runtime Environment:
#
#  EXCEPTION_ACCESS_VIOLATION (0xc0000005) at pc=0x575919c5, pid=8620, tid=8944
#
# JRE version: 6.0_31-b05
# Java VM: Java HotSpot(TM) Client VM (20.6-b01 mixed mode windows-x86 )
# Problematic frame:
# C  [mmgr_dal_RCM.dll+0x19c5]
#
# If you would like to submit a bug report, please visit:
#   http://java.sun.com/webapps/bugreport/crash.jsp
# The crash happened outside the Java Virtual Machine in native code.
# See problematic frame for where to report the bug.
#

---------------  T H R E A D  ---------------

Current thread (0x289ba400):  JavaThread "AWT-EventQueue-0" [_thread_in_native, id=8944, stack(0x2aa00000,0x2aa50000)]

siginfo: ExceptionCode=0xc0000005, reading address 0x00000000

Registers:
EAX=0x00000000, EBX=0x00000000, ECX=0xd1128834, EDX=0x00000001
ESP=0x2aa4d5d0, EBP=0x2aa4d600, ESI=0x2b1bfdac, EDI=0x2b1bfc18
EIP=0x575919c5, EFLAGS=0x00010246

Top of Stack: (sp=0x2aa4d5d0)
0x2aa4d5d0:   d1128bf0 2aa4dd20 2aa4db88 2b1bc85c
0x2aa4d5e0:   2b1bc85c 2aa4d600 63ff233b 000001c0
0x2aa4d5f0:   2b1b0000 2aa4d860 5759c02a 00000001
0x2aa4d600:   2aa4d60c 57591321 2b1bfc18 2aa4d86c
0x2aa4d610:   55510026 2aa4dd20 d786cac4 2aa4dd04
0x2aa4d620:   00000000 00000000 57596620 00000020
0x2aa4d630:   d1128b98 00000013 2b0aa058 00000000
0x2aa4d640:   00000001 2b0aa038 2aa4d634 2aa4d690 

Instructions: (pc=0x575919c5)
0x575919a5:   00 dd 9f 78 01 00 00 dd 05 a0 e0 59 57 dd 9f 80
0x575919b5:   01 00 00 89 46 14 33 c0 89 5e 10 88 1e 8d 50 01
0x575919c5:   8a 08 40 3a cb 75 f9 2b c2 89 45 f0 83 f8 fe 76
0x575919d5:   0b 68 fc dc 59 57 ff 15 ac d0 59 57 8b 4e 14 3b 


Register to memory mapping:

EAX=0x00000000 is an unknown value
EBX=0x00000000 is an unknown value
ECX=0xd1128834 is an unknown value
EDX=0x00000001 is an unknown value
ESP=0x2aa4d5d0 is pointing into the stack for thread: 0x289ba400
EBP=0x2aa4d600 is pointing into the stack for thread: 0x289ba400
ESI=0x2b1bfdac is an unknown value
EDI=0x2b1bfc18 is an unknown value


Stack: [0x2aa00000,0x2aa50000],  sp=0x2aa4d5d0,  free space=309k
Native frames: (J=compiled Java code, j=interpreted, Vv=VM code, C=native code)
C  [mmgr_dal_RCM.dll+0x19c5]  RCM::RCM+0x145
C  [mmgr_dal_RCM.dll+0x1321]  CreateDevice+0x51
C  [MMCoreJ_wrap.dll+0x80026]  Java_mmcorej_MMCoreJJNI_CMMCore_1getPropertyBlockData+0x5b916
C  [MMCoreJ_wrap.dll+0x691f1]  Java_mmcorej_MMCoreJJNI_CMMCore_1getPropertyBlockData+0x44ae1
C  [MMCoreJ_wrap.dll+0x39e06]  Java_mmcorej_MMCoreJJNI_CMMCore_1getPropertyBlockData+0x156f6
C  [MMCoreJ_wrap.dll+0x607c0]  Java_mmcorej_MMCoreJJNI_CMMCore_1getPropertyBlockData+0x3c0b0
C  [MMCoreJ_wrap.dll+0x617a4]  Java_mmcorej_MMCoreJJNI_CMMCore_1getPropertyBlockData+0x3d094
C  [MMCoreJ_wrap.dll+0x7fb0]  Java_mmcorej_MMCoreJJNI_CMMCore_1loadSystemConfiguration+0x60
j  mmcorej.MMCoreJJNI.CMMCore_loadSystemConfiguration(JLmmcorej/CMMCore;Ljava/lang/String;)V+0
j  mmcorej.CMMCore.loadSystemConfiguration(Ljava/lang/String;)V+6
j  org.micromanager.internal.MMStudio.loadSystemConfiguration()Z+78
j  org.micromanager.internal.MMStudio.<init>(Z)V+303
j  MMStudioPlugin$1.run()V+71
j  java.awt.event.InvocationEvent.dispatch()V+47
j  java.awt.EventQueue.dispatchEventImpl(Ljava/awt/AWTEvent;Ljava/lang/Object;)V+21
j  java.awt.EventQueue.access$000(Ljava/awt/EventQueue;Ljava/awt/AWTEvent;Ljava/lang/Object;)V+3
j  java.awt.EventQueue$1.run()Ljava/lang/Void;+12
j  java.awt.EventQueue$1.run()Ljava/lang/Object;+1
v  ~StubRoutines::call_stub
V  [jvm.dll+0xfac3b]
V  [jvm.dll+0x18c3a1]
V  [jvm.dll+0xfacbd]
V  [jvm.dll+0xbb654]
C  [java.dll+0x102f]  Java_java_security_AccessController_doPrivileged__Ljava_security_PrivilegedAction_2Ljava_security_AccessControlContext_2+0x17
j  java.security.AccessControlContext$1.doIntersectionPrivilege(Ljava/security/PrivilegedAction;Ljava/security/AccessControlContext;Ljava/security/AccessControlContext;)Ljava/lang/Object;+28
j  java.awt.EventQueue.dispatchEvent(Ljava/awt/AWTEvent;)V+46
j  java.awt.EventDispatchThread.pumpOneEventForFilters(I)Z+204
j  java.awt.EventDispatchThread.pumpEventsForFilter(ILjava/awt/Conditional;Ljava/awt/EventFilter;)V+30
j  java.awt.EventDispatchThread.pumpEventsForHierarchy(ILjava/awt/Conditional;Ljava/awt/Component;)V+11
j  java.awt.EventDispatchThread.pumpEvents(ILjava/awt/Conditional;)V+4
j  java.awt.EventDispatchThread.pumpEvents(Ljava/awt/Conditional;)V+3
j  java.awt.EventDispatchThread.run()V+9
v  ~StubRoutines::call_stub
V  [jvm.dll+0xfac3b]
V  [jvm.dll+0x18c3a1]
V  [jvm.dll+0xfade1]
V  [jvm.dll+0xfae3b]
V  [jvm.dll+0xb5569]
V  [jvm.dll+0x118f14]
V  [jvm.dll+0x140ffc]
C  [msvcr71.dll+0x9565]  endthreadex+0xa0
C  [kernel32.dll+0x1336a]  BaseThreadInitThunk+0x12
C  [ntdll.dll+0x39902]  RtlInitializeExceptionChain+0x63
C  [ntdll.dll+0x398d5]  RtlInitializeExceptionChain+0x36

Java frames: (J=compiled Java code, j=interpreted, Vv=VM code)
j  mmcorej.MMCoreJJNI.CMMCore_loadSystemConfiguration(JLmmcorej/CMMCore;Ljava/lang/String;)V+0
j  mmcorej.CMMCore.loadSystemConfiguration(Ljava/lang/String;)V+6
j  org.micromanager.internal.MMStudio.loadSystemConfiguration()Z+78
j  org.micromanager.internal.MMStudio.<init>(Z)V+303
j  MMStudioPlugin$1.run()V+71
j  java.awt.event.InvocationEvent.dispatch()V+47
j  java.awt.EventQueue.dispatchEventImpl(Ljava/awt/AWTEvent;Ljava/lang/Object;)V+21
j  java.awt.EventQueue.access$000(Ljava/awt/EventQueue;Ljava/awt/AWTEvent;Ljava/lang/Object;)V+3
j  java.awt.EventQueue$1.run()Ljava/lang/Void;+12
j  java.awt.EventQueue$1.run()Ljava/lang/Object;+1
v  ~StubRoutines::call_stub
j  java.security.AccessController.doPrivileged(Ljava/security/PrivilegedAction;Ljava/security/AccessControlContext;)Ljava/lang/Object;+0
j  java.security.AccessControlContext$1.doIntersectionPrivilege(Ljava/security/PrivilegedAction;Ljava/security/AccessControlContext;Ljava/security/AccessControlContext;)Ljava/lang/Object;+28
j  java.awt.EventQueue.dispatchEvent(Ljava/awt/AWTEvent;)V+46
j  java.awt.EventDispatchThread.pumpOneEventForFilters(I)Z+204
j  java.awt.EventDispatchThread.pumpEventsForFilter(ILjava/awt/Conditional;Ljava/awt/EventFilter;)V+30
j  java.awt.EventDispatchThread.pumpEventsForHierarchy(ILjava/awt/Conditional;Ljava/awt/Component;)V+11
j  java.awt.EventDispatchThread.pumpEvents(ILjava/awt/Conditional;)V+4
j  java.awt.EventDispatchThread.pumpEvents(Ljava/awt/Conditional;)V+3
j  java.awt.EventDispatchThread.run()V+9
v  ~StubRoutines::call_stub

---------------  P R O C E S S  ---------------

Java Threads: ( => current thread )
  0x2ce34400 JavaThread "D3D Screen Updater" daemon [_thread_blocked, id=9372, stack(0x2b6e0000,0x2b730000)]
  0x2aeeac00 JavaThread "TimerQueue" daemon [_thread_blocked, id=7412, stack(0x2b580000,0x2b5d0000)]
  0x2addb400 JavaThread "EDTHangLogger timer" daemon [_thread_blocked, id=9660, stack(0x2b380000,0x2b3d0000)]
  0x2ae14c00 JavaThread "User profile save thread" [_thread_blocked, id=4240, stack(0x2b250000,0x2b2a0000)]
  0x0235b000 JavaThread "DestroyJavaVM" [_thread_blocked, id=7360, stack(0x00380000,0x003d0000)]
  0x28a50400 JavaThread "Image Fetcher 0" daemon [_thread_blocked, id=2672, stack(0x2b830000,0x2b880000)]
=>0x289ba400 JavaThread "AWT-EventQueue-0" [_thread_in_native, id=8944, stack(0x2aa00000,0x2aa50000)]
  0x288fa000 JavaThread "AWT-Windows" daemon [_thread_in_native, id=9120, stack(0x29200000,0x29250000)]
  0x288f7000 JavaThread "AWT-Shutdown" [_thread_blocked, id=9712, stack(0x29170000,0x291c0000)]
  0x288f6000 JavaThread "Java2D Disposer" daemon [_thread_blocked, id=9272, stack(0x28e80000,0x28ed0000)]
  0x288cfc00 JavaThread "Low Memory Detector" daemon [_thread_blocked, id=10000, stack(0x28ca0000,0x28cf0000)]
  0x288b5000 JavaThread "C1 CompilerThread0" daemon [_thread_blocked, id=9808, stack(0x28c10000,0x28c60000)]
  0x288b2400 JavaThread "Attach Listener" daemon [_thread_blocked, id=9688, stack(0x28b80000,0x28bd0000)]
  0x0255f000 JavaThread "Signal Dispatcher" daemon [_thread_blocked, id=8332, stack(0x28af0000,0x28b40000)]
  0x02533400 JavaThread "Finalizer" daemon [_thread_blocked, id=8196, stack(0x28860000,0x288b0000)]
  0x0252e800 JavaThread "Reference Handler" daemon [_thread_blocked, id=10228, stack(0x287d0000,0x28820000)]

Other Threads:
  0x0252a800 VMThread [stack: 0x28740000,0x28790000] [id=9932]
  0x288d9400 WatcherThread [stack: 0x28d30000,0x28d80000] [id=10128]

VM state:not at safepoint (normal execution)

VM Mutex/Monitor currently owned by a thread: None

Heap
 def new generation   total 4992K, used 2678K [0x04560000, 0x04ac0000, 0x0f000000)
  eden space 4480K,  57% used [0x04560000, 0x047e0320, 0x049c0000)
  from space 512K,  23% used [0x049c0000, 0x049dd878, 0x04a40000)
  to   space 512K,   0% used [0x04a40000, 0x04a40000, 0x04ac0000)
 tenured generation   total 10944K, used 3954K [0x0f000000, 0x0fab0000, 0x24560000)
   the space 10944K,  36% used [0x0f000000, 0x0f3dc8c8, 0x0f3dca00, 0x0fab0000)
 compacting perm gen  total 21504K, used 21379K [0x24560000, 0x25a60000, 0x28560000)
   the space 21504K,  99% used [0x24560000, 0x25a40d68, 0x25a40e00, 0x25a60000)
No shared spaces configured.

Code Cache  [0x02560000, 0x02700000, 0x04560000)
 total_blobs=1038 nmethods=781 adapters=193 free_code_cache=31874496 largest_free_block=192

Dynamic libraries:
0x00400000 - 0x00425000 	C:\Program Files\Micro-Manager-2.032\jre\bin\javaw.exe
0x778f0000 - 0x77a70000 	C:\Windows\SysWOW64\ntdll.dll
0x75810000 - 0x75920000 	C:\Windows\syswow64\kernel32.dll
0x75dc0000 - 0x75e07000 	C:\Windows\syswow64\KERNELBASE.dll
0x75a40000 - 0x75ae1000 	C:\Windows\syswow64\ADVAPI32.dll
0x761f0000 - 0x7629c000 	C:\Windows\syswow64\msvcrt.dll
0x762b0000 - 0x762c9000 	C:\Windows\SysWOW64\sechost.dll
0x754a0000 - 0x75590000 	C:\Windows\syswow64\RPCRT4.dll
0x75190000 - 0x751f0000 	C:\Windows\syswow64\SspiCli.dll
0x75180000 - 0x7518c000 	C:\Windows\syswow64\CRYPTBASE.dll
0x75e70000 - 0x75f70000 	C:\Windows\syswow64\USER32.dll
0x75d20000 - 0x75db0000 	C:\Windows\syswow64\GDI32.dll
0x77210000 - 0x7721a000 	C:\Windows\syswow64\LPK.dll
0x75770000 - 0x7580d000 	C:\Windows\syswow64\USP10.dll
0x75700000 - 0x75760000 	C:\Windows\system32\IMM32.DLL
0x75920000 - 0x759ed000 	C:\Windows\syswow64\MSCTF.dll
0x7c340000 - 0x7c396000 	C:\Program Files\Micro-Manager-2.032\jre\bin\msvcr71.dll
0x6d7f0000 - 0x6da9f000 	C:\Program Files\Micro-Manager-2.032\jre\bin\client\jvm.dll
0x6fbf0000 - 0x6fc22000 	C:\Windows\system32\WINMM.dll
0x70050000 - 0x7009c000 	C:\Windows\system32\apphelp.dll
0x6d7a0000 - 0x6d7ac000 	C:\Program Files\Micro-Manager-2.032\jre\bin\verify.dll
0x6d320000 - 0x6d33f000 	C:\Program Files\Micro-Manager-2.032\jre\bin\java.dll
0x6d7e0000 - 0x6d7ef000 	C:\Program Files\Micro-Manager-2.032\jre\bin\zip.dll
0x6d000000 - 0x6d14c000 	C:\Program Files\Micro-Manager-2.032\jre\bin\awt.dll
0x75050000 - 0x750a1000 	C:\Windows\system32\WINSPOOL.DRV
0x76090000 - 0x761ed000 	C:\Windows\syswow64\ole32.dll
0x6fce0000 - 0x6fe7e000 	C:\Windows\WinSxS\x86_microsoft.windows.common-controls_6595b64144ccf1df_6.0.7601.18837_none_41e855142bd5705d\COMCTL32.dll
0x77220000 - 0x77277000 	C:\Windows\syswow64\SHLWAPI.dll
0x6fcc0000 - 0x6fcd3000 	C:\Windows\system32\DWMAPI.DLL
0x6ff40000 - 0x6ffc0000 	C:\Windows\system32\uxtheme.dll
0x6d230000 - 0x6d27f000 	C:\Program Files\Micro-Manager-2.032\jre\bin\fontmanager.dll
0x5c1b0000 - 0x5c373000 	C:\Windows\system32\d3d9.dll
0x750b0000 - 0x750b9000 	C:\Windows\system32\VERSION.dll
0x6a430000 - 0x6a436000 	C:\Windows\system32\d3d8thk.dll
0x599f0000 - 0x5a89e000 	C:\Windows\system32\nvd3dum.dll
0x76330000 - 0x76335000 	C:\Windows\syswow64\PSAPI.DLL
0x73d60000 - 0x73d85000 	C:\Windows\system32\powrprof.dll
0x75b00000 - 0x75c9d000 	C:\Windows\syswow64\SETUPAPI.dll
0x75ce0000 - 0x75d07000 	C:\Windows\syswow64\CFGMGR32.dll
0x77450000 - 0x774e1000 	C:\Windows\syswow64\OLEAUT32.dll
0x77280000 - 0x77292000 	C:\Windows\syswow64\DEVOBJ.dll
0x2a740000 - 0x2a82b000 	C:\Program Files (x86)\NVIDIA Corporation\3D Vision\nvSCPAPI.dll
0x6ab00000 - 0x6ab4c000 	C:\Windows\system32\dxgi.dll
0x765c0000 - 0x7720c000 	C:\Windows\syswow64\SHELL32.dll
0x6d600000 - 0x6d613000 	C:\Program Files\Micro-Manager-2.032\jre\bin\net.dll
0x75ca0000 - 0x75cd5000 	C:\Windows\syswow64\WS2_32.dll
0x75e20000 - 0x75e26000 	C:\Windows\syswow64\NSI.dll
0x725f0000 - 0x7262c000 	C:\Windows\system32\mswsock.dll
0x72e60000 - 0x72e66000 	C:\Windows\System32\wship6.dll
0x6d620000 - 0x6d629000 	C:\Program Files\Micro-Manager-2.032\jre\bin\nio.dll
0x55490000 - 0x55566000 	C:\Program Files\Micro-Manager-2.032\MMCoreJ_wrap.dll
0x725d0000 - 0x725ec000 	C:\Windows\system32\IPHLPAPI.DLL
0x724c0000 - 0x724c7000 	C:\Windows\system32\WINNSI.DLL
0x63870000 - 0x638d9000 	C:\Windows\system32\MSVCP100.dll
0x63fe0000 - 0x6409f000 	C:\Windows\system32\MSVCR100.dll
0x6d550000 - 0x6d559000 	C:\Program Files\Micro-Manager-2.032\jre\bin\management.dll
0x6f5d0000 - 0x6f5e0000 	C:\Windows\system32\NLAapi.dll
0x6f440000 - 0x6f450000 	C:\Windows\system32\napinsp.dll
0x6f420000 - 0x6f432000 	C:\Windows\system32\pnrpnsp.dll
0x6f3c0000 - 0x6f404000 	C:\Windows\system32\DNSAPI.dll
0x6f3b0000 - 0x6f3b8000 	C:\Windows\System32\winrnr.dll
0x73200000 - 0x73208000 	C:\Program Files (x86)\National Instruments\Shared\mDNS Responder\nimdnsNSP.dll
0x731f0000 - 0x731fd000 	C:\Windows\system32\nimdnsResponder.dll
0x731d0000 - 0x731e4000 	C:\Windows\system32\VCRUNTIME140.dll
0x74fe0000 - 0x74fe4000 	C:\Windows\system32\api-ms-win-crt-runtime-l1-1-0.dll
0x74ef0000 - 0x74fd1000 	C:\Windows\system32\ucrtbase.DLL
0x74e10000 - 0x74e13000 	C:\Windows\system32\api-ms-win-core-timezone-l1-1-0.dll
0x74dd0000 - 0x74dd3000 	C:\Windows\system32\api-ms-win-core-file-l2-1-0.dll
0x74dc0000 - 0x74dc3000 	C:\Windows\system32\api-ms-win-core-localization-l1-2-0.dll
0x71090000 - 0x71093000 	C:\Windows\system32\api-ms-win-core-synch-l1-2-0.dll
0x74db0000 - 0x74db3000 	C:\Windows\system32\api-ms-win-core-processthreads-l1-1-1.dll
0x74da0000 - 0x74da3000 	C:\Windows\system32\api-ms-win-core-file-l1-2-0.dll
0x74d90000 - 0x74d94000 	C:\Windows\system32\api-ms-win-crt-string-l1-1-0.dll
0x74d70000 - 0x74d73000 	C:\Windows\system32\api-ms-win-crt-heap-l1-1-0.dll
0x74d40000 - 0x74d44000 	C:\Windows\system32\api-ms-win-crt-stdio-l1-1-0.dll
0x74d30000 - 0x74d34000 	C:\Windows\system32\api-ms-win-crt-convert-l1-1-0.dll
0x72e70000 - 0x72e75000 	C:\Windows\System32\wshtcpip.dll
0x74be0000 - 0x74be6000 	C:\Windows\system32\rasadhlp.dll
0x74ba0000 - 0x74bd8000 	C:\Windows\System32\fwpuclnt.dll
0x6d1a0000 - 0x6d1c3000 	C:\Program Files\Micro-Manager-2.032\jre\bin\dcpr.dll
0x57590000 - 0x575a5000 	C:\Program Files\Micro-Manager-2.032\mmgr_dal_RCM.dll
0x2fc80000 - 0x2ff10000 	C:\Windows\system32\nicaiu.dll
0x64580000 - 0x645ec000 	C:\Windows\system32\NIPALU.dll
0x64500000 - 0x64506000 	C:\Windows\system32\nipalut.dll
0x74340000 - 0x74348000 	C:\Windows\system32\NIPAL32.dll
0x747f0000 - 0x747f3000 	C:\Windows\system32\api-ms-win-crt-utility-l1-1-0.dll
0x74320000 - 0x7433e000 	C:\Windows\system32\niorbu.dll
0x74420000 - 0x74438000 	C:\Windows\system32\nirpc.dll
0x72f90000 - 0x72f97000 	C:\Windows\system32\WSOCK32.dll
0x74860000 - 0x748cc000 	C:\Windows\system32\MSVCP140.dll
0x74850000 - 0x74853000 	C:\Windows\system32\api-ms-win-crt-locale-l1-1-0.dll
0x74840000 - 0x74845000 	C:\Windows\system32\api-ms-win-crt-math-l1-1-0.dll
0x74830000 - 0x74835000 	C:\Windows\system32\api-ms-win-crt-multibyte-l1-1-0.dll
0x74820000 - 0x74823000 	C:\Windows\system32\api-ms-win-crt-time-l1-1-0.dll
0x74810000 - 0x74813000 	C:\Windows\system32\api-ms-win-crt-filesystem-l1-1-0.dll
0x74800000 - 0x74803000 	C:\Windows\system32\api-ms-win-crt-environment-l1-1-0.dll
0x742e0000 - 0x74317000 	C:\Windows\system32\nimdbgu.dll
0x6dba0000 - 0x6dfe4000 	C:\Windows\system32\nidmxfu.dll
0x2f600000 - 0x2f63d000 	C:\Windows\system32\nicrtsiu.dll
0x6f950000 - 0x6f9de000 	C:\Windows\WinSxS\x86_microsoft.vc90.crt_1fc8b3b9a1e18e3b_9.0.30729.6161_none_50934f2ebcb7eb57\MSVCP90.dll
0x72fc0000 - 0x73063000 	C:\Windows\WinSxS\x86_microsoft.vc90.crt_1fc8b3b9a1e18e3b_9.0.30729.6161_none_50934f2ebcb7eb57\MSVCR90.dll
0x74290000 - 0x742dc000 	C:\Windows\system32\nimxdfu.dll
0x6e1a0000 - 0x6e2a7000 	C:\Windows\system32\nimhwcfu.dll
0x74260000 - 0x74290000 	C:\Windows\system32\nidimu.dll
0x2ff20000 - 0x2ff29000 	C:\Windows\system32\niprtsiu.dll
0x751f0000 - 0x7549b000 	C:\Windows\syswow64\WININET.dll
0x778c0000 - 0x778c4000 	C:\Windows\syswow64\api-ms-win-downlevel-user32-l1-1-0.dll
0x75e30000 - 0x75e34000 	C:\Windows\syswow64\api-ms-win-downlevel-shlwapi-l1-1-0.dll
0x75e10000 - 0x75e14000 	C:\Windows\syswow64\api-ms-win-downlevel-version-l1-1-0.dll
0x75d10000 - 0x75d13000 	C:\Windows\syswow64\api-ms-win-downlevel-normaliz-l1-1-0.dll
0x75760000 - 0x75763000 	C:\Windows\syswow64\normaliz.DLL
0x76370000 - 0x765a5000 	C:\Windows\syswow64\iertutil.dll
0x75db0000 - 0x75db5000 	C:\Windows\syswow64\api-ms-win-downlevel-advapi32-l1-1-0.dll
0x756e0000 - 0x756f7000 	C:\Windows\syswow64\USERENV.dll
0x765b0000 - 0x765bb000 	C:\Windows\syswow64\profapi.dll
0x741d0000 - 0x74228000 	C:\Windows\system32\WINHTTP.dll
0x74180000 - 0x741cf000 	C:\Windows\system32\webio.dll
0x740c0000 - 0x7417d000 	C:\Windows\system32\nimru2u.dll

VM Arguments:
jvm_args: -XX:SoftRefLRUPolicyMSPerMB=1000000000000 -Dsun.java2d.dpiaware=false -Xmx512m 
java_command: ij.ImageJ -ijpath C:\PROGRA~1\MICRO-~1.032\
Launcher Type: SUN_STANDARD

Environment Variables:
JAVA_HOME=C:\Program Files\Java\jdk1.8.0_121
PATH=C:\ProgramData\Oracle\Java\javapath;C:\Windows\system32;C:\Windows;C:\Windows\System32\Wbem;C:\Windows\System32\WindowsPowerShell\v1.0\;c:\Program Files (x86)\Common Files\Roxio Shared\DLLShared\;c:\Program Files (x86)\Common Files\Roxio Shared\10.0\DLLShared\;C:\Program Files\Nikon\Shared\dlls;C:\Program Files (x86)\IVI Foundation\VISA\WinNT\Bin;C:\XIMEA\API;C:\Users\Nikon-SIM\AppData\Local\Programs\Python\Python36\Scripts;C:\Users\Nikon-SIM\AppData\Local\Programs\Python\Python36;C:\Program Files (x86)\Microsoft Visual Studio\2017\Community\VC\Tools\MSVC\14.10.25017\bin\HostX64\x64;C:\Windows\system32\config\systemprofile\.dnx\bin;C:\Program Files\Microsoft DNX\Dnvm\;C:\Program Files\Microsoft SQL Server\130\Tools\Binn\;C:\Program Files (x86)\Microsoft Visual Studio\2017\Community\VC\Tools;C:\Users\Nikon-SIM\AppData\Local\Programs\Python\Python36\include;C:\Users\Nikon-SIM\AppData\Local\Programs\Python\Python36\libs;C:\cygwin\bin;C:\Program Files (x86)\IVI Foundation\VISA\WinNT\Bin\;C:\Program Files\IVI Foundation\VISA\Win64\Bin\;C:\Program Files\CMake\bin;c:\Program Files (x86)\Microsoft SQL Server\100\Tools\Binn\;c:\Program Files\Microsoft SQL Server\100\Tools\Binn\;c:\Program Files\Microsoft SQL Server\100\DTS\Binn\;C:\Program Files\Microsoft Windows Performance Toolkit\;C:\Users\Nikon-SIM\Documents\Danny\apache-ant-1.10.1\bin;C:\Users\Nikon-SIM\AppData\Local\Programs\Python\Python36\;C:\Users\Nikon-SIM\AppData\Local\Programs\Python\Python36\Scripts\
USERNAME=Nikon-SIM
OS=Windows_NT
PROCESSOR_IDENTIFIER=Intel64 Family 6 Model 44 Stepping 2, GenuineIntel



---------------  S Y S T E M  ---------------

OS: Windows 7 , 64 bit Build 7601 Service Pack 1

CPU:total 12 (6 cores per cpu, 2 threads per core) family 6 model 44 stepping 2, cmov, cx8, fxsr, mmx, sse, sse2, sse3, ssse3, sse4.1, sse4.2, popcnt, ht

Memory: 4k page, physical 12565728k(6488856k free), swap 25129596k(18388044k free)

vm_info: Java HotSpot(TM) Client VM (20.6-b01) for windows-x86 JRE (1.6.0_31-b05), built on Feb  3 2012 18:44:09 by "java_re" with MS VC++ 7.1 (VS2003)

time: Mon Jul 10 15:41:35 2017
elapsed time: 2 seconds

