#
# A fatal error has been detected by the Java Runtime Environment:
#
#  EXCEPTION_ACCESS_VIOLATION (0xc0000005) at pc=0x6de049a9, pid=3492, tid=12904
#
# JRE version: 6.0_31-b05
# Java VM: Java HotSpot(TM) Client VM (20.6-b01 mixed mode windows-x86 )
# Problematic frame:
# C  [nidmxfu.dll+0x2649a9]
#
# If you would like to submit a bug report, please visit:
#   http://java.sun.com/webapps/bugreport/crash.jsp
# The crash happened outside the Java Virtual Machine in native code.
# See problematic frame for where to report the bug.
#

---------------  T H R E A D  ---------------

Current thread (0x28902000):  JavaThread "AWT-EventQueue-0" [_thread_in_native, id=12904, stack(0x2ae70000,0x2aec0000)]

siginfo: ExceptionCode=0xc0000005, reading address 0x310b8000

Registers:
EAX=0x00000008, EBX=0x2aebd044, ECX=0x2aebcef0, EDX=0x310b8000
ESP=0x2aebcf40, EBP=0x2aebcfac, ESI=0x31610eca, EDI=0x31470118
EIP=0x6de049a9, EFLAGS=0x00010206

Top of Stack: (sp=0x2aebcf40)
0x2aebcf40:   310b7148 2aebd1f8 00000001 6dd704b7
0x2aebcf50:   00000000 310b8000 000011b1 00000008
0x2aebcf60:   00089706 c0240000 00089706 4023fd80
0x2aebcf70:   9999999a 40699999 00000000 00000000
0x2aebcf80:   00027100 00000000 00000008 00000000
0x2aebcf90:   2aebd028 6dd74529 00009c40 00000000
0x2aebcfa0:   00027100 300512e0 00000001 2aebcfe8
0x2aebcfb0:   2fdf3e3b 310b7148 00000008 30096518 

Instructions: (pc=0x6de049a9)
0x6de04989:   24 28 dd 47 10 dd 5c 24 30 dd 47 18 dd 5c 24 38
0x6de04999:   85 c0 0f 86 e1 00 00 00 89 44 24 18 8b 54 24 14
0x6de049a9:   dd 02 dd 44 24 20 d8 d9 df e0 f6 c4 41 75 2f dc
0x6de049b9:   57 38 df e0 f6 c4 05 7a 1e dd 47 30 83 ec 18 dd 


Register to memory mapping:

EAX=0x00000008 is an unknown value
EBX=0x2aebd044 is pointing into the stack for thread: 0x28902000
ECX=0x2aebcef0 is pointing into the stack for thread: 0x28902000
EDX=0x310b8000 is an unknown value
ESP=0x2aebcf40 is pointing into the stack for thread: 0x28902000
EBP=0x2aebcfac is pointing into the stack for thread: 0x28902000
ESI=0x31610eca is an unknown value
EDI=0x31470118 is an unknown value


Stack: [0x2ae70000,0x2aec0000],  sp=0x2aebcf40,  free space=307k
Native frames: (J=compiled Java code, j=interpreted, Vv=VM code, C=native code)
C  [nidmxfu.dll+0x2649a9]  nNIMSRL100::tSimulatedOutputStream::___ORBGetTObject+0xa519
C  [nicaiu.dll+0x203e3b]  DAQmxWriteCtrTicks+0x71b
C  [nidmxfu.dll+0x1adb92]  nNIMSRL100::tBufferInputStreamUserModeSettings::makeChangedSnapshotGetAvailable+0x1f2
C  [nidmxfu.dll+0x1ae36e]  nNIMSRL100::tBufferInputStreamUserModeSettings::makeChangedSnapshotGetAvailable+0x9ce
C  [nidmxfu.dll+0x1d6feb]  nNIMSRL100::tNetworkProxyPrimitiveSettings::___ORBGetTObject+0x989b
C  [nidmxfu.dll+0x1d50bd]  nNIMSRL100::tNetworkProxyPrimitiveSettings::___ORBGetTObject+0x796d
C  [nidmxfu.dll+0x1ae2bf]  nNIMSRL100::tBufferInputStreamUserModeSettings::makeChangedSnapshotGetAvailable+0x91f
C  [nidmxfu.dll+0x1ae1c9]  nNIMSRL100::tBufferInputStreamUserModeSettings::makeChangedSnapshotGetAvailable+0x829
C  [nidmxfu.dll+0x32729]  nNIMUCK100::tORBReflectionAdapter<nNIMEL200::iTaskFacade>::___CPPKRLCast+0x11c9
C  [nicaiu.dll+0x1ff9ba]  DAQmxWriteAnalogF64+0x3ba
C  [mmgr_dal_RCM.dll+0x2b0d]  RCM::LoadBuffer+0x14d
C  [mmgr_dal_RCM.dll+0x2782]  RCM::StartDASequence+0x82
C  [mmgr_dal_RCM.dll+0x2e94]  RCM::SetupData+0xc4
C  [mmgr_dal_RCM.dll+0x2ed1]  RCM::OnFov+0x31
C  [mmgr_dal_RCM.dll+0xa3c4]  MM::PropertyCollection::Get+0x34
C  [mmgr_dal_RCM.dll+0x3e86]  CDeviceBase<MM::SignalIO,RCM>::GetProperty+0x76
C  [MMCoreJ_wrap.dll+0x753d1]  Java_mmcorej_MMCoreJJNI_CMMCore_1getPropertyBlockData+0x50cc1
C  [MMCoreJ_wrap.dll+0x51ed8]  Java_mmcorej_MMCoreJJNI_CMMCore_1getPropertyBlockData+0x2d7c8
C  [MMCoreJ_wrap.dll+0x532f5]  Java_mmcorej_MMCoreJJNI_CMMCore_1getPropertyBlockData+0x2ebe5
C  [MMCoreJ_wrap.dll+0x616bf]  Java_mmcorej_MMCoreJJNI_CMMCore_1getPropertyBlockData+0x3cfaf
C  [MMCoreJ_wrap.dll+0x617a4]  Java_mmcorej_MMCoreJJNI_CMMCore_1getPropertyBlockData+0x3d094
C  [MMCoreJ_wrap.dll+0x7fb0]  Java_mmcorej_MMCoreJJNI_CMMCore_1loadSystemConfiguration+0x60
j  mmcorej.MMCoreJJNI.CMMCore_loadSystemConfiguration(JLmmcorej/CMMCore;Ljava/lang/String;)V+0
j  mmcorej.CMMCore.loadSystemConfiguration(Ljava/lang/String;)V+6
j  org.micromanager.internal.MMStudio.loadSystemConfiguration()Z+78
j  org.micromanager.internal.MMStudio.<init>(Z)V+303
j  MMStudioPlugin$1.run()V+71
j  java.awt.event.InvocationEvent.dispatch()V+47
j  java.awt.EventQueue.dispatchEventImpl(Ljava/awt/AWTEvent;Ljava/lang/Object;)V+21
j  java.awt.EventQueue.access$000(Ljava/awt/EventQueue;Ljava/awt/AWTEvent;Ljava/lang/Object;)V+3
j  java.awt.EventQueue$1.run()Ljava/lang/Void;+12
j  java.awt.EventQueue$1.run()Ljava/lang/Object;+1
v  ~StubRoutines::call_stub
V  [jvm.dll+0xfac3b]
V  [jvm.dll+0x18c3a1]
V  [jvm.dll+0xfacbd]
V  [jvm.dll+0xbb654]
C  [java.dll+0x102f]  Java_java_security_AccessController_doPrivileged__Ljava_security_PrivilegedAction_2Ljava_security_AccessControlContext_2+0x17
j  java.security.AccessControlContext$1.doIntersectionPrivilege(Ljava/security/PrivilegedAction;Ljava/security/AccessControlContext;Ljava/security/AccessControlContext;)Ljava/lang/Object;+28
j  java.awt.EventQueue.dispatchEvent(Ljava/awt/AWTEvent;)V+46
j  java.awt.EventDispatchThread.pumpOneEventForFilters(I)Z+204
j  java.awt.EventDispatchThread.pumpEventsForFilter(ILjava/awt/Conditional;Ljava/awt/EventFilter;)V+30
j  java.awt.EventDispatchThread.pumpEventsForHierarchy(ILjava/awt/Conditional;Ljava/awt/Component;)V+11
j  java.awt.EventDispatchThread.pumpEvents(ILjava/awt/Conditional;)V+4
j  java.awt.EventDispatchThread.pumpEvents(Ljava/awt/Conditional;)V+3
j  java.awt.EventDispatchThread.run()V+9
v  ~StubRoutines::call_stub
V  [jvm.dll+0xfac3b]
V  [jvm.dll+0x18c3a1]
V  [jvm.dll+0xfade1]
V  [jvm.dll+0xfae3b]
V  [jvm.dll+0xb5569]
V  [jvm.dll+0x118f14]
V  [jvm.dll+0x140ffc]
C  [msvcr71.dll+0x9565]  endthreadex+0xa0
C  [kernel32.dll+0x1336a]  BaseThreadInitThunk+0x12
C  [ntdll.dll+0x39902]  RtlInitializeExceptionChain+0x63
C  [ntdll.dll+0x398d5]  RtlInitializeExceptionChain+0x36

Java frames: (J=compiled Java code, j=interpreted, Vv=VM code)
j  mmcorej.MMCoreJJNI.CMMCore_loadSystemConfiguration(JLmmcorej/CMMCore;Ljava/lang/String;)V+0
j  mmcorej.CMMCore.loadSystemConfiguration(Ljava/lang/String;)V+6
j  org.micromanager.internal.MMStudio.loadSystemConfiguration()Z+78
j  org.micromanager.internal.MMStudio.<init>(Z)V+303
j  MMStudioPlugin$1.run()V+71
j  java.awt.event.InvocationEvent.dispatch()V+47
j  java.awt.EventQueue.dispatchEventImpl(Ljava/awt/AWTEvent;Ljava/lang/Object;)V+21
j  java.awt.EventQueue.access$000(Ljava/awt/EventQueue;Ljava/awt/AWTEvent;Ljava/lang/Object;)V+3
j  java.awt.EventQueue$1.run()Ljava/lang/Void;+12
j  java.awt.EventQueue$1.run()Ljava/lang/Object;+1
v  ~StubRoutines::call_stub
j  java.security.AccessController.doPrivileged(Ljava/security/PrivilegedAction;Ljava/security/AccessControlContext;)Ljava/lang/Object;+0
j  java.security.AccessControlContext$1.doIntersectionPrivilege(Ljava/security/PrivilegedAction;Ljava/security/AccessControlContext;Ljava/security/AccessControlContext;)Ljava/lang/Object;+28
j  java.awt.EventQueue.dispatchEvent(Ljava/awt/AWTEvent;)V+46
j  java.awt.EventDispatchThread.pumpOneEventForFilters(I)Z+204
j  java.awt.EventDispatchThread.pumpEventsForFilter(ILjava/awt/Conditional;Ljava/awt/EventFilter;)V+30
j  java.awt.EventDispatchThread.pumpEventsForHierarchy(ILjava/awt/Conditional;Ljava/awt/Component;)V+11
j  java.awt.EventDispatchThread.pumpEvents(ILjava/awt/Conditional;)V+4
j  java.awt.EventDispatchThread.pumpEvents(Ljava/awt/Conditional;)V+3
j  java.awt.EventDispatchThread.run()V+9
v  ~StubRoutines::call_stub

---------------  P R O C E S S  ---------------

Java Threads: ( => current thread )
  0x2c583c00 JavaThread "D3D Screen Updater" daemon [_thread_blocked, id=9700, stack(0x2b5a0000,0x2b5f0000)]
  0x2ae12400 JavaThread "TimerQueue" daemon [_thread_blocked, id=2580, stack(0x2b480000,0x2b4d0000)]
  0x2abd3800 JavaThread "EDTHangLogger timer" daemon [_thread_blocked, id=9188, stack(0x2b2b0000,0x2b300000)]
  0x2abd0000 JavaThread "User profile save thread" [_thread_blocked, id=9556, stack(0x2b0d0000,0x2b120000)]
  0x0243b000 JavaThread "DestroyJavaVM" [_thread_blocked, id=1776, stack(0x00380000,0x003d0000)]
  0x2884a000 JavaThread "Image Fetcher 0" daemon [_thread_blocked, id=9904, stack(0x2b6f0000,0x2b740000)]
=>0x28902000 JavaThread "AWT-EventQueue-0" [_thread_in_native, id=12904, stack(0x2ae70000,0x2aec0000)]
  0x2881d000 JavaThread "AWT-Windows" daemon [_thread_in_native, id=10820, stack(0x29110000,0x29160000)]
  0x2881c800 JavaThread "AWT-Shutdown" [_thread_blocked, id=12148, stack(0x29080000,0x290d0000)]
  0x28818c00 JavaThread "Java2D Disposer" daemon [_thread_blocked, id=10756, stack(0x28ff0000,0x29040000)]
  0x287ea000 JavaThread "Low Memory Detector" daemon [_thread_blocked, id=10584, stack(0x28bd0000,0x28c20000)]
  0x287e5400 JavaThread "C1 CompilerThread0" daemon [_thread_blocked, id=3116, stack(0x28b40000,0x28b90000)]
  0x287e2400 JavaThread "Attach Listener" daemon [_thread_blocked, id=12096, stack(0x28ab0000,0x28b00000)]
  0x0253f000 JavaThread "Signal Dispatcher" daemon [_thread_blocked, id=12720, stack(0x28a20000,0x28a70000)]
  0x02513400 JavaThread "Finalizer" daemon [_thread_blocked, id=12900, stack(0x28790000,0x287e0000)]
  0x0250e800 JavaThread "Reference Handler" daemon [_thread_blocked, id=9612, stack(0x28700000,0x28750000)]

Other Threads:
  0x0250a800 VMThread [stack: 0x28670000,0x286c0000] [id=10332]
  0x287fbc00 WatcherThread [stack: 0x28c60000,0x28cb0000] [id=7224]

VM state:not at safepoint (normal execution)

VM Mutex/Monitor currently owned by a thread: None

Heap
 def new generation   total 4992K, used 3026K [0x04540000, 0x04aa0000, 0x0efe0000)
  eden space 4480K,  64% used [0x04540000, 0x04810da0, 0x049a0000)
  from space 512K,  27% used [0x049a0000, 0x049c3c08, 0x04a20000)
  to   space 512K,   0% used [0x04a20000, 0x04a20000, 0x04aa0000)
 tenured generation   total 10944K, used 3952K [0x0efe0000, 0x0fa90000, 0x24540000)
   the space 10944K,  36% used [0x0efe0000, 0x0f3bc078, 0x0f3bc200, 0x0fa90000)
 compacting perm gen  total 21504K, used 21379K [0x24540000, 0x25a40000, 0x28540000)
   the space 21504K,  99% used [0x24540000, 0x25a20eb0, 0x25a21000, 0x25a40000)
No shared spaces configured.

Code Cache  [0x02540000, 0x026e8000, 0x04540000)
 total_blobs=1069 nmethods=812 adapters=193 free_code_cache=31834560 largest_free_block=192

Dynamic libraries:
0x00400000 - 0x00425000 	C:\Program Files\Micro-Manager-2.032\jre\bin\javaw.exe
0x77720000 - 0x778a0000 	C:\Windows\SysWOW64\ntdll.dll
0x77210000 - 0x77320000 	C:\Windows\syswow64\kernel32.dll
0x75090000 - 0x750d7000 	C:\Windows\syswow64\KERNELBASE.dll
0x76250000 - 0x762f1000 	C:\Windows\syswow64\ADVAPI32.dll
0x77160000 - 0x7720c000 	C:\Windows\syswow64\msvcrt.dll
0x76550000 - 0x76569000 	C:\Windows\SysWOW64\sechost.dll
0x76300000 - 0x763f0000 	C:\Windows\syswow64\RPCRT4.dll
0x74fc0000 - 0x75020000 	C:\Windows\syswow64\SspiCli.dll
0x74fb0000 - 0x74fbc000 	C:\Windows\syswow64\CRYPTBASE.dll
0x76e10000 - 0x76f10000 	C:\Windows\syswow64\USER32.dll
0x76c30000 - 0x76cc0000 	C:\Windows\syswow64\GDI32.dll
0x76580000 - 0x7658a000 	C:\Windows\syswow64\LPK.dll
0x76100000 - 0x7619d000 	C:\Windows\syswow64\USP10.dll
0x765d0000 - 0x76630000 	C:\Windows\system32\IMM32.DLL
0x75d50000 - 0x75e1d000 	C:\Windows\syswow64\MSCTF.dll
0x7c340000 - 0x7c396000 	C:\Program Files\Micro-Manager-2.032\jre\bin\msvcr71.dll
0x6d7f0000 - 0x6da9f000 	C:\Program Files\Micro-Manager-2.032\jre\bin\client\jvm.dll
0x6f3c0000 - 0x6f3f2000 	C:\Windows\system32\WINMM.dll
0x6fe90000 - 0x6fedc000 	C:\Windows\system32\apphelp.dll
0x6d7a0000 - 0x6d7ac000 	C:\Program Files\Micro-Manager-2.032\jre\bin\verify.dll
0x6d320000 - 0x6d33f000 	C:\Program Files\Micro-Manager-2.032\jre\bin\java.dll
0x6d7e0000 - 0x6d7ef000 	C:\Program Files\Micro-Manager-2.032\jre\bin\zip.dll
0x6d000000 - 0x6d14c000 	C:\Program Files\Micro-Manager-2.032\jre\bin\awt.dll
0x74e80000 - 0x74ed1000 	C:\Windows\system32\WINSPOOL.DRV
0x75ed0000 - 0x7602d000 	C:\Windows\syswow64\ole32.dll
0x6f5e0000 - 0x6f77e000 	C:\Windows\WinSxS\x86_microsoft.windows.common-controls_6595b64144ccf1df_6.0.7601.18837_none_41e855142bd5705d\COMCTL32.dll
0x76650000 - 0x766a7000 	C:\Windows\syswow64\SHLWAPI.dll
0x6fcc0000 - 0x6fcd3000 	C:\Windows\system32\DWMAPI.DLL
0x6fd80000 - 0x6fe00000 	C:\Windows\system32\uxtheme.dll
0x6d230000 - 0x6d27f000 	C:\Program Files\Micro-Manager-2.032\jre\bin\fontmanager.dll
0x626b0000 - 0x62873000 	C:\Windows\system32\d3d9.dll
0x74ee0000 - 0x74ee9000 	C:\Windows\system32\VERSION.dll
0x6b960000 - 0x6b966000 	C:\Windows\system32\d3d8thk.dll
0x5a270000 - 0x5b11e000 	C:\Windows\system32\nvd3dum.dll
0x76240000 - 0x76245000 	C:\Windows\syswow64\PSAPI.DLL
0x6b2f0000 - 0x6b315000 	C:\Windows\system32\powrprof.dll
0x76a90000 - 0x76c2d000 	C:\Windows\syswow64\SETUPAPI.dll
0x764a0000 - 0x764c7000 	C:\Windows\syswow64\CFGMGR32.dll
0x75e20000 - 0x75eb1000 	C:\Windows\syswow64\OLEAUT32.dll
0x76030000 - 0x76042000 	C:\Windows\syswow64\DEVOBJ.dll
0x2a640000 - 0x2a72b000 	C:\Program Files (x86)\NVIDIA Corporation\3D Vision\nvSCPAPI.dll
0x66d40000 - 0x66d8c000 	C:\Windows\system32\dxgi.dll
0x750e0000 - 0x75d2b000 	C:\Windows\syswow64\SHELL32.dll
0x6d600000 - 0x6d613000 	C:\Program Files\Micro-Manager-2.032\jre\bin\net.dll
0x76590000 - 0x765c5000 	C:\Windows\syswow64\WS2_32.dll
0x776f0000 - 0x776f6000 	C:\Windows\syswow64\NSI.dll
0x72b20000 - 0x72b5c000 	C:\Windows\system32\mswsock.dll
0x72c70000 - 0x72c76000 	C:\Windows\System32\wship6.dll
0x6d620000 - 0x6d629000 	C:\Program Files\Micro-Manager-2.032\jre\bin\nio.dll
0x5ce90000 - 0x5cf66000 	C:\Program Files\Micro-Manager-2.032\MMCoreJ_wrap.dll
0x72410000 - 0x7242c000 	C:\Windows\system32\IPHLPAPI.DLL
0x72c60000 - 0x72c67000 	C:\Windows\system32\WINNSI.DLL
0x66210000 - 0x66279000 	C:\Windows\system32\MSVCP100.dll
0x6b990000 - 0x6ba4f000 	C:\Windows\system32\MSVCR100.dll
0x6d550000 - 0x6d559000 	C:\Program Files\Micro-Manager-2.032\jre\bin\management.dll
0x6fb90000 - 0x6fba0000 	C:\Windows\system32\NLAapi.dll
0x6fb80000 - 0x6fb90000 	C:\Windows\system32\napinsp.dll
0x6fb60000 - 0x6fb72000 	C:\Windows\system32\pnrpnsp.dll
0x6fb10000 - 0x6fb54000 	C:\Windows\system32\DNSAPI.dll
0x6fb00000 - 0x6fb08000 	C:\Windows\System32\winrnr.dll
0x6fad0000 - 0x6fad8000 	C:\Program Files (x86)\National Instruments\Shared\mDNS Responder\nimdnsNSP.dll
0x6fac0000 - 0x6facd000 	C:\Windows\system32\nimdnsResponder.dll
0x6faa0000 - 0x6fab4000 	C:\Windows\system32\VCRUNTIME140.dll
0x6fa90000 - 0x6fa94000 	C:\Windows\system32\api-ms-win-crt-runtime-l1-1-0.dll
0x6f9a0000 - 0x6fa81000 	C:\Windows\system32\ucrtbase.DLL
0x6f990000 - 0x6f993000 	C:\Windows\system32\api-ms-win-core-timezone-l1-1-0.dll
0x6f8b0000 - 0x6f8b3000 	C:\Windows\system32\api-ms-win-core-file-l2-1-0.dll
0x6f8a0000 - 0x6f8a3000 	C:\Windows\system32\api-ms-win-core-localization-l1-2-0.dll
0x73b10000 - 0x73b13000 	C:\Windows\system32\api-ms-win-core-synch-l1-2-0.dll
0x73b00000 - 0x73b03000 	C:\Windows\system32\api-ms-win-core-processthreads-l1-1-1.dll
0x73af0000 - 0x73af3000 	C:\Windows\system32\api-ms-win-core-file-l1-2-0.dll
0x73ae0000 - 0x73ae4000 	C:\Windows\system32\api-ms-win-crt-string-l1-1-0.dll
0x73ad0000 - 0x73ad3000 	C:\Windows\system32\api-ms-win-crt-heap-l1-1-0.dll
0x73ac0000 - 0x73ac4000 	C:\Windows\system32\api-ms-win-crt-stdio-l1-1-0.dll
0x72ee0000 - 0x72ee4000 	C:\Windows\system32\api-ms-win-crt-convert-l1-1-0.dll
0x72c80000 - 0x72c85000 	C:\Windows\System32\wshtcpip.dll
0x72ed0000 - 0x72ed6000 	C:\Windows\system32\rasadhlp.dll
0x6be50000 - 0x6be88000 	C:\Windows\System32\fwpuclnt.dll
0x6d1a0000 - 0x6d1c3000 	C:\Program Files\Micro-Manager-2.032\jre\bin\dcpr.dll
0x5d640000 - 0x5d658000 	C:\Program Files\Micro-Manager-2.032\mmgr_dal_RCM.dll
0x2fbf0000 - 0x2fe80000 	C:\Windows\system32\nicaiu.dll
0x64580000 - 0x645ec000 	C:\Windows\system32\NIPALU.dll
0x64500000 - 0x64506000 	C:\Windows\system32\nipalut.dll
0x6b8d0000 - 0x6b8d8000 	C:\Windows\system32\NIPAL32.dll
0x6bd80000 - 0x6bd83000 	C:\Windows\system32\api-ms-win-crt-utility-l1-1-0.dll
0x6b8b0000 - 0x6b8ce000 	C:\Windows\system32\niorbu.dll
0x6bb60000 - 0x6bb78000 	C:\Windows\system32\nirpc.dll
0x72de0000 - 0x72de7000 	C:\Windows\system32\WSOCK32.dll
0x6bde0000 - 0x6be4c000 	C:\Windows\system32\MSVCP140.dll
0x72ea0000 - 0x72ea3000 	C:\Windows\system32\api-ms-win-crt-locale-l1-1-0.dll
0x6bdd0000 - 0x6bdd5000 	C:\Windows\system32\api-ms-win-crt-math-l1-1-0.dll
0x6bdc0000 - 0x6bdc5000 	C:\Windows\system32\api-ms-win-crt-multibyte-l1-1-0.dll
0x6bdb0000 - 0x6bdb3000 	C:\Windows\system32\api-ms-win-crt-time-l1-1-0.dll
0x6bda0000 - 0x6bda3000 	C:\Windows\system32\api-ms-win-crt-filesystem-l1-1-0.dll
0x6bd90000 - 0x6bd93000 	C:\Windows\system32\api-ms-win-crt-environment-l1-1-0.dll
0x6b870000 - 0x6b8a7000 	C:\Windows\system32\nimdbgu.dll
0x6dba0000 - 0x6dfe4000 	C:\Windows\system32\nidmxfu.dll
0x2e620000 - 0x2e65d000 	C:\Windows\system32\nicrtsiu.dll
0x6fba0000 - 0x6fc2e000 	C:\Windows\WinSxS\x86_microsoft.vc90.crt_1fc8b3b9a1e18e3b_9.0.30729.6161_none_50934f2ebcb7eb57\MSVCP90.dll
0x72df0000 - 0x72e93000 	C:\Windows\WinSxS\x86_microsoft.vc90.crt_1fc8b3b9a1e18e3b_9.0.30729.6161_none_50934f2ebcb7eb57\MSVCR90.dll
0x6b820000 - 0x6b86c000 	C:\Windows\system32\nimxdfu.dll
0x6e1a0000 - 0x6e2a7000 	C:\Windows\system32\nimhwcfu.dll
0x6b7f0000 - 0x6b820000 	C:\Windows\system32\nidimu.dll
0x2e6a0000 - 0x2e6a9000 	C:\Windows\system32\niprtsiu.dll
0x767e0000 - 0x76a8b000 	C:\Windows\syswow64\WININET.dll
0x75080000 - 0x75084000 	C:\Windows\syswow64\api-ms-win-downlevel-user32-l1-1-0.dll
0x76050000 - 0x76054000 	C:\Windows\syswow64\api-ms-win-downlevel-shlwapi-l1-1-0.dll
0x76060000 - 0x76064000 	C:\Windows\syswow64\api-ms-win-downlevel-version-l1-1-0.dll
0x76640000 - 0x76643000 	C:\Windows\syswow64\api-ms-win-downlevel-normaliz-l1-1-0.dll
0x76f10000 - 0x76f13000 	C:\Windows\syswow64\normaliz.DLL
0x76f20000 - 0x77155000 	C:\Windows\syswow64\iertutil.dll
0x76630000 - 0x76635000 	C:\Windows\syswow64\api-ms-win-downlevel-advapi32-l1-1-0.dll
0x75d30000 - 0x75d47000 	C:\Windows\syswow64\USERENV.dll
0x76570000 - 0x7657b000 	C:\Windows\syswow64\profapi.dll
0x6b790000 - 0x6b7e8000 	C:\Windows\system32\WINHTTP.dll
0x6b740000 - 0x6b78f000 	C:\Windows\system32\webio.dll
0x6b650000 - 0x6b70d000 	C:\Windows\system32\nimru2u.dll
0x5cd00000 - 0x5cd22000 	C:\Windows\system32\NiSpyLog.dll
0x6b630000 - 0x6b641000 	C:\Program Files (x86)\National Instruments\MAX\mxs.dll
0x6bae0000 - 0x6bb24000 	C:\Program Files (x86)\National Instruments\MAX\mxsutils.dll
0x30310000 - 0x30367000 	C:\Windows\system32\nierInterface.dll
0x6b5b0000 - 0x6b629000 	C:\Program Files (x86)\National Instruments\MAX\mxsout.dll
0x30b00000 - 0x30b09000 	C:\Program Files (x86)\National Instruments\Shared\Caps\NI6535.sdc
0x30b20000 - 0x30b34000 	C:\Program Files (x86)\National Instruments\Shared\Caps\nicm.sdc
0x30b50000 - 0x30b57000 	C:\Program Files (x86)\National Instruments\Shared\Caps\nicond.sdc
0x30b70000 - 0x30bad000 	C:\Program Files (x86)\National Instruments\Shared\Caps\nics.sdc
0x30bc0000 - 0x30bd3000 	C:\Program Files (x86)\National Instruments\Shared\Caps\NIDSA.sdc

VM Arguments:
jvm_args: -XX:SoftRefLRUPolicyMSPerMB=1000000000000 -Dsun.java2d.dpiaware=false -Xmx512m 
java_command: ij.ImageJ -ijpath C:\PROGRA~1\MICRO-~1.032\
Launcher Type: SUN_STANDARD

Environment Variables:
JAVA_HOME=C:\Program Files\Java\jdk1.8.0_121
PATH=C:\ProgramData\Oracle\Java\javapath;C:\Windows\system32;C:\Windows;C:\Windows\System32\Wbem;C:\Windows\System32\WindowsPowerShell\v1.0\;c:\Program Files (x86)\Common Files\Roxio Shared\DLLShared\;c:\Program Files (x86)\Common Files\Roxio Shared\10.0\DLLShared\;C:\Program Files\Nikon\Shared\dlls;C:\Program Files (x86)\IVI Foundation\VISA\WinNT\Bin;C:\XIMEA\API;C:\Users\Nikon-SIM\AppData\Local\Programs\Python\Python36\Scripts;C:\Users\Nikon-SIM\AppData\Local\Programs\Python\Python36;C:\Program Files (x86)\Microsoft Visual Studio\2017\Community\VC\Tools\MSVC\14.10.25017\bin\HostX64\x64;C:\Windows\system32\config\systemprofile\.dnx\bin;C:\Program Files\Microsoft DNX\Dnvm\;C:\Program Files\Microsoft SQL Server\130\Tools\Binn\;C:\Program Files (x86)\Microsoft Visual Studio\2017\Community\VC\Tools;C:\Users\Nikon-SIM\AppData\Local\Programs\Python\Python36\include;C:\Users\Nikon-SIM\AppData\Local\Programs\Python\Python36\libs;C:\cygwin\bin;C:\Program Files (x86)\IVI Foundation\VISA\WinNT\Bin\;C:\Program Files\IVI Foundation\VISA\Win64\Bin\;C:\Program Files\CMake\bin;c:\Program Files (x86)\Microsoft SQL Server\100\Tools\Binn\;c:\Program Files\Microsoft SQL Server\100\Tools\Binn\;c:\Program Files\Microsoft SQL Server\100\DTS\Binn\;C:\Program Files\Microsoft Windows Performance Toolkit\;C:\Users\Nikon-SIM\Documents\Danny\apache-ant-1.10.1\bin;C:\Users\Nikon-SIM\AppData\Local\Programs\Python\Python36\;C:\Users\Nikon-SIM\AppData\Local\Programs\Python\Python36\Scripts\
USERNAME=Nikon-SIM
OS=Windows_NT
PROCESSOR_IDENTIFIER=Intel64 Family 6 Model 44 Stepping 2, GenuineIntel



---------------  S Y S T E M  ---------------

OS: Windows 7 , 64 bit Build 7601 Service Pack 1

CPU:total 12 (6 cores per cpu, 2 threads per core) family 6 model 44 stepping 2, cmov, cx8, fxsr, mmx, sse, sse2, sse3, ssse3, sse4.1, sse4.2, popcnt, ht

Memory: 4k page, physical 12565728k(4939576k free), swap 25129596k(15383696k free)

vm_info: Java HotSpot(TM) Client VM (20.6-b01) for windows-x86 JRE (1.6.0_31-b05), built on Feb  3 2012 18:44:09 by "java_re" with MS VC++ 7.1 (VS2003)

time: Thu Jun 08 17:39:04 2017
elapsed time: 2 seconds

