#
# A fatal error has been detected by the Java Runtime Environment:
#
#  EXCEPTION_ACCESS_VIOLATION (0xc0000005) at pc=0x6de049a9, pid=11956, tid=13132
#
# JRE version: 6.0_31-b05
# Java VM: Java HotSpot(TM) Client VM (20.6-b01 mixed mode windows-x86 )
# Problematic frame:
# C  [nidmxfu.dll+0x2649a9]
#
# If you would like to submit a bug report, please visit:
#   http://java.sun.com/webapps/bugreport/crash.jsp
# The crash happened outside the Java Virtual Machine in native code.
# See problematic frame for where to report the bug.
#

---------------  T H R E A D  ---------------

Current thread (0x288c2000):  JavaThread "AWT-EventQueue-0" [_thread_in_native, id=13132, stack(0x2a900000,0x2a950000)]

siginfo: ExceptionCode=0xc0000005, reading address 0x2b077d98

Registers:
EAX=0x00001388, EBX=0x2a94d0c4, ECX=0x2b077d98, EDX=0x2b077d98
ESP=0x2a94cfc0, EBP=0x2a94d02c, ESI=0x317a0014, EDI=0x313701d0
EIP=0x6de049a9, EFLAGS=0x00010206

Top of Stack: (sp=0x2a94cfc0)
0x2a94cfc0:   2b077d98 2a94d278 00000002 6dd704b7
0x2a94cfd0:   00000000 2b077d98 00001388 00000008
0x2a94cfe0:   00089706 c0240000 00089706 4023fd80
0x2a94cff0:   9999999a 40699999 00000000 00000000
0x2a94d000:   00027100 00000000 00000008 00000000
0x2a94d010:   2a94d0a8 6dd74529 00009c40 00000000
0x2a94d020:   00027100 301512e0 00000001 2a94d068
0x2a94d030:   2ff73e3b 2b077d98 00000008 30196518 

Instructions: (pc=0x6de049a9)
0x6de04989:   24 28 dd 47 10 dd 5c 24 30 dd 47 18 dd 5c 24 38
0x6de04999:   85 c0 0f 86 e1 00 00 00 89 44 24 18 8b 54 24 14
0x6de049a9:   dd 02 dd 44 24 20 d8 d9 df e0 f6 c4 41 75 2f dc
0x6de049b9:   57 38 df e0 f6 c4 05 7a 1e dd 47 30 83 ec 18 dd 


Register to memory mapping:

EAX=0x00001388 is an unknown value
EBX=0x2a94d0c4 is pointing into the stack for thread: 0x288c2000
ECX=0x2b077d98 is an unknown value
EDX=0x2b077d98 is an unknown value
ESP=0x2a94cfc0 is pointing into the stack for thread: 0x288c2000
EBP=0x2a94d02c is pointing into the stack for thread: 0x288c2000
ESI=0x317a0014 is an unknown value
EDI=0x313701d0 is an unknown value


Stack: [0x2a900000,0x2a950000],  sp=0x2a94cfc0,  free space=307k
Native frames: (J=compiled Java code, j=interpreted, Vv=VM code, C=native code)
C  [nidmxfu.dll+0x2649a9]  nNIMSRL100::tSimulatedOutputStream::___ORBGetTObject+0xa519
C  [nicaiu.dll+0x203e3b]  DAQmxWriteCtrTicks+0x71b
C  [nidmxfu.dll+0x1adb92]  nNIMSRL100::tBufferInputStreamUserModeSettings::makeChangedSnapshotGetAvailable+0x1f2
C  [nidmxfu.dll+0x1ae36e]  nNIMSRL100::tBufferInputStreamUserModeSettings::makeChangedSnapshotGetAvailable+0x9ce
C  [nidmxfu.dll+0x1d6feb]  nNIMSRL100::tNetworkProxyPrimitiveSettings::___ORBGetTObject+0x989b
C  [nidmxfu.dll+0x1d50bd]  nNIMSRL100::tNetworkProxyPrimitiveSettings::___ORBGetTObject+0x796d
C  [nidmxfu.dll+0x1ae2bf]  nNIMSRL100::tBufferInputStreamUserModeSettings::makeChangedSnapshotGetAvailable+0x91f
C  [nidmxfu.dll+0x1ae1c9]  nNIMSRL100::tBufferInputStreamUserModeSettings::makeChangedSnapshotGetAvailable+0x829
C  [nidmxfu.dll+0x32729]  nNIMUCK100::tORBReflectionAdapter<nNIMEL200::iTaskFacade>::___CPPKRLCast+0x11c9
C  [nicaiu.dll+0x1ff9ba]  DAQmxWriteAnalogF64+0x3ba
C  [mmgr_dal_RCM.dll+0x2b2d]  RCM::LoadBuffer+0x14d
C  [mmgr_dal_RCM.dll+0x27a2]  RCM::StartDASequence+0x82
C  [mmgr_dal_RCM.dll+0x2e7d]  RCM::OnFov+0x8d
C  [mmgr_dal_RCM.dll+0xa504]  MM::PropertyCollection::Get+0x34
C  [mmgr_dal_RCM.dll+0x3fd6]  CDeviceBase<MM::SignalIO,RCM>::GetProperty+0x76
C  [MMCoreJ_wrap.dll+0x753d1]  Java_mmcorej_MMCoreJJNI_CMMCore_1getPropertyBlockData+0x50cc1
C  [MMCoreJ_wrap.dll+0x51ed8]  Java_mmcorej_MMCoreJJNI_CMMCore_1getPropertyBlockData+0x2d7c8
C  [MMCoreJ_wrap.dll+0x532f5]  Java_mmcorej_MMCoreJJNI_CMMCore_1getPropertyBlockData+0x2ebe5
C  [MMCoreJ_wrap.dll+0x616bf]  Java_mmcorej_MMCoreJJNI_CMMCore_1getPropertyBlockData+0x3cfaf
C  [MMCoreJ_wrap.dll+0x617a4]  Java_mmcorej_MMCoreJJNI_CMMCore_1getPropertyBlockData+0x3d094
C  [MMCoreJ_wrap.dll+0x7fb0]  Java_mmcorej_MMCoreJJNI_CMMCore_1loadSystemConfiguration+0x60
j  mmcorej.MMCoreJJNI.CMMCore_loadSystemConfiguration(JLmmcorej/CMMCore;Ljava/lang/String;)V+0
j  mmcorej.CMMCore.loadSystemConfiguration(Ljava/lang/String;)V+6
j  org.micromanager.internal.MMStudio.loadSystemConfiguration()Z+78
j  org.micromanager.internal.MMStudio.<init>(Z)V+303
j  MMStudioPlugin$1.run()V+71
j  java.awt.event.InvocationEvent.dispatch()V+47
j  java.awt.EventQueue.dispatchEventImpl(Ljava/awt/AWTEvent;Ljava/lang/Object;)V+21
j  java.awt.EventQueue.access$000(Ljava/awt/EventQueue;Ljava/awt/AWTEvent;Ljava/lang/Object;)V+3
j  java.awt.EventQueue$1.run()Ljava/lang/Void;+12
j  java.awt.EventQueue$1.run()Ljava/lang/Object;+1
v  ~StubRoutines::call_stub
V  [jvm.dll+0xfac3b]
V  [jvm.dll+0x18c3a1]
V  [jvm.dll+0xfacbd]
V  [jvm.dll+0xbb654]
C  [java.dll+0x102f]  Java_java_security_AccessController_doPrivileged__Ljava_security_PrivilegedAction_2Ljava_security_AccessControlContext_2+0x17
j  java.security.AccessControlContext$1.doIntersectionPrivilege(Ljava/security/PrivilegedAction;Ljava/security/AccessControlContext;Ljava/security/AccessControlContext;)Ljava/lang/Object;+28
j  java.awt.EventQueue.dispatchEvent(Ljava/awt/AWTEvent;)V+46
j  java.awt.EventDispatchThread.pumpOneEventForFilters(I)Z+204
j  java.awt.EventDispatchThread.pumpEventsForFilter(ILjava/awt/Conditional;Ljava/awt/EventFilter;)V+30
j  java.awt.EventDispatchThread.pumpEventsForHierarchy(ILjava/awt/Conditional;Ljava/awt/Component;)V+11
j  java.awt.EventDispatchThread.pumpEvents(ILjava/awt/Conditional;)V+4
j  java.awt.EventDispatchThread.pumpEvents(Ljava/awt/Conditional;)V+3
j  java.awt.EventDispatchThread.run()V+9
v  ~StubRoutines::call_stub
V  [jvm.dll+0xfac3b]
V  [jvm.dll+0x18c3a1]
V  [jvm.dll+0xfade1]
V  [jvm.dll+0xfae3b]
V  [jvm.dll+0xb5569]
V  [jvm.dll+0x118f14]
V  [jvm.dll+0x140ffc]
C  [msvcr71.dll+0x9565]  endthreadex+0xa0
C  [kernel32.dll+0x1336a]  BaseThreadInitThunk+0x12
C  [ntdll.dll+0x39902]  RtlInitializeExceptionChain+0x63
C  [ntdll.dll+0x398d5]  RtlInitializeExceptionChain+0x36

Java frames: (J=compiled Java code, j=interpreted, Vv=VM code)
j  mmcorej.MMCoreJJNI.CMMCore_loadSystemConfiguration(JLmmcorej/CMMCore;Ljava/lang/String;)V+0
j  mmcorej.CMMCore.loadSystemConfiguration(Ljava/lang/String;)V+6
j  org.micromanager.internal.MMStudio.loadSystemConfiguration()Z+78
j  org.micromanager.internal.MMStudio.<init>(Z)V+303
j  MMStudioPlugin$1.run()V+71
j  java.awt.event.InvocationEvent.dispatch()V+47
j  java.awt.EventQueue.dispatchEventImpl(Ljava/awt/AWTEvent;Ljava/lang/Object;)V+21
j  java.awt.EventQueue.access$000(Ljava/awt/EventQueue;Ljava/awt/AWTEvent;Ljava/lang/Object;)V+3
j  java.awt.EventQueue$1.run()Ljava/lang/Void;+12
j  java.awt.EventQueue$1.run()Ljava/lang/Object;+1
v  ~StubRoutines::call_stub
j  java.security.AccessController.doPrivileged(Ljava/security/PrivilegedAction;Ljava/security/AccessControlContext;)Ljava/lang/Object;+0
j  java.security.AccessControlContext$1.doIntersectionPrivilege(Ljava/security/PrivilegedAction;Ljava/security/AccessControlContext;Ljava/security/AccessControlContext;)Ljava/lang/Object;+28
j  java.awt.EventQueue.dispatchEvent(Ljava/awt/AWTEvent;)V+46
j  java.awt.EventDispatchThread.pumpOneEventForFilters(I)Z+204
j  java.awt.EventDispatchThread.pumpEventsForFilter(ILjava/awt/Conditional;Ljava/awt/EventFilter;)V+30
j  java.awt.EventDispatchThread.pumpEventsForHierarchy(ILjava/awt/Conditional;Ljava/awt/Component;)V+11
j  java.awt.EventDispatchThread.pumpEvents(ILjava/awt/Conditional;)V+4
j  java.awt.EventDispatchThread.pumpEvents(Ljava/awt/Conditional;)V+3
j  java.awt.EventDispatchThread.run()V+9
v  ~StubRoutines::call_stub

---------------  P R O C E S S  ---------------

Java Threads: ( => current thread )
  0x2cc9cc00 JavaThread "D3D Screen Updater" daemon [_thread_blocked, id=8724, stack(0x2b650000,0x2b6a0000)]
  0x2cdbb400 JavaThread "TimerQueue" daemon [_thread_blocked, id=10472, stack(0x2b4c0000,0x2b510000)]
  0x2ad0a400 JavaThread "EDTHangLogger timer" daemon [_thread_blocked, id=9808, stack(0x2b2a0000,0x2b2f0000)]
  0x2ac6a000 JavaThread "User profile save thread" [_thread_blocked, id=12128, stack(0x2b150000,0x2b1a0000)]
  0x0241b000 JavaThread "DestroyJavaVM" [_thread_blocked, id=10956, stack(0x00320000,0x00370000)]
  0x288e0400 JavaThread "Image Fetcher 0" daemon [_thread_blocked, id=6016, stack(0x2b750000,0x2b7a0000)]
=>0x288c2000 JavaThread "AWT-EventQueue-0" [_thread_in_native, id=13132, stack(0x2a900000,0x2a950000)]
  0x287f9400 JavaThread "AWT-Windows" daemon [_thread_in_native, id=10844, stack(0x29140000,0x29190000)]
  0x287f8c00 JavaThread "AWT-Shutdown" [_thread_blocked, id=9540, stack(0x290b0000,0x29100000)]
  0x287f8800 JavaThread "Java2D Disposer" daemon [_thread_blocked, id=11856, stack(0x28d90000,0x28de0000)]
  0x287d2800 JavaThread "Low Memory Detector" daemon [_thread_blocked, id=10348, stack(0x28bb0000,0x28c00000)]
  0x287cec00 JavaThread "C1 CompilerThread0" daemon [_thread_blocked, id=12684, stack(0x28b20000,0x28b70000)]
  0x287c2400 JavaThread "Attach Listener" daemon [_thread_blocked, id=4192, stack(0x28a90000,0x28ae0000)]
  0x0251f000 JavaThread "Signal Dispatcher" daemon [_thread_blocked, id=7256, stack(0x28a00000,0x28a50000)]
  0x024f3400 JavaThread "Finalizer" daemon [_thread_blocked, id=9668, stack(0x28770000,0x287c0000)]
  0x024ee800 JavaThread "Reference Handler" daemon [_thread_blocked, id=12736, stack(0x286e0000,0x28730000)]

Other Threads:
  0x024ea800 VMThread [stack: 0x28650000,0x286a0000] [id=12888]
  0x287dc000 WatcherThread [stack: 0x28c40000,0x28c90000] [id=10012]

VM state:not at safepoint (normal execution)

VM Mutex/Monitor currently owned by a thread: None

Heap
 def new generation   total 4992K, used 2696K [0x04520000, 0x04a80000, 0x0efc0000)
  eden space 4480K,  57% used [0x04520000, 0x047a4e88, 0x04980000)
  from space 512K,  22% used [0x04980000, 0x0499d428, 0x04a00000)
  to   space 512K,   0% used [0x04a00000, 0x04a00000, 0x04a80000)
 tenured generation   total 10944K, used 3985K [0x0efc0000, 0x0fa70000, 0x24520000)
   the space 10944K,  36% used [0x0efc0000, 0x0f3a4480, 0x0f3a4600, 0x0fa70000)
 compacting perm gen  total 21504K, used 21379K [0x24520000, 0x25a20000, 0x28520000)
   the space 21504K,  99% used [0x24520000, 0x25a00d78, 0x25a00e00, 0x25a20000)
No shared spaces configured.

Code Cache  [0x02520000, 0x026c0000, 0x04520000)
 total_blobs=1038 nmethods=781 adapters=193 free_code_cache=31872640 largest_free_block=192

Dynamic libraries:
0x00400000 - 0x00425000 	C:\Program Files\Micro-Manager-2.032\jre\bin\javaw.exe
0x77720000 - 0x778a0000 	C:\Windows\SysWOW64\ntdll.dll
0x77210000 - 0x77320000 	C:\Windows\syswow64\kernel32.dll
0x75090000 - 0x750d7000 	C:\Windows\syswow64\KERNELBASE.dll
0x76250000 - 0x762f1000 	C:\Windows\syswow64\ADVAPI32.dll
0x77160000 - 0x7720c000 	C:\Windows\syswow64\msvcrt.dll
0x76550000 - 0x76569000 	C:\Windows\SysWOW64\sechost.dll
0x76300000 - 0x763f0000 	C:\Windows\syswow64\RPCRT4.dll
0x74fc0000 - 0x75020000 	C:\Windows\syswow64\SspiCli.dll
0x74fb0000 - 0x74fbc000 	C:\Windows\syswow64\CRYPTBASE.dll
0x76e10000 - 0x76f10000 	C:\Windows\syswow64\USER32.dll
0x76c30000 - 0x76cc0000 	C:\Windows\syswow64\GDI32.dll
0x76580000 - 0x7658a000 	C:\Windows\syswow64\LPK.dll
0x76100000 - 0x7619d000 	C:\Windows\syswow64\USP10.dll
0x765d0000 - 0x76630000 	C:\Windows\system32\IMM32.DLL
0x75d50000 - 0x75e1d000 	C:\Windows\syswow64\MSCTF.dll
0x7c340000 - 0x7c396000 	C:\Program Files\Micro-Manager-2.032\jre\bin\msvcr71.dll
0x6d7f0000 - 0x6da9f000 	C:\Program Files\Micro-Manager-2.032\jre\bin\client\jvm.dll
0x6f3c0000 - 0x6f3f2000 	C:\Windows\system32\WINMM.dll
0x6fe90000 - 0x6fedc000 	C:\Windows\system32\apphelp.dll
0x6d7a0000 - 0x6d7ac000 	C:\Program Files\Micro-Manager-2.032\jre\bin\verify.dll
0x6d320000 - 0x6d33f000 	C:\Program Files\Micro-Manager-2.032\jre\bin\java.dll
0x6d7e0000 - 0x6d7ef000 	C:\Program Files\Micro-Manager-2.032\jre\bin\zip.dll
0x6d000000 - 0x6d14c000 	C:\Program Files\Micro-Manager-2.032\jre\bin\awt.dll
0x74e80000 - 0x74ed1000 	C:\Windows\system32\WINSPOOL.DRV
0x75ed0000 - 0x7602d000 	C:\Windows\syswow64\ole32.dll
0x6f5e0000 - 0x6f77e000 	C:\Windows\WinSxS\x86_microsoft.windows.common-controls_6595b64144ccf1df_6.0.7601.18837_none_41e855142bd5705d\COMCTL32.dll
0x76650000 - 0x766a7000 	C:\Windows\syswow64\SHLWAPI.dll
0x6fcc0000 - 0x6fcd3000 	C:\Windows\system32\DWMAPI.DLL
0x6fd80000 - 0x6fe00000 	C:\Windows\system32\uxtheme.dll
0x6d230000 - 0x6d27f000 	C:\Program Files\Micro-Manager-2.032\jre\bin\fontmanager.dll
0x626b0000 - 0x62873000 	C:\Windows\system32\d3d9.dll
0x74ee0000 - 0x74ee9000 	C:\Windows\system32\VERSION.dll
0x6b960000 - 0x6b966000 	C:\Windows\system32\d3d8thk.dll
0x5a270000 - 0x5b11e000 	C:\Windows\system32\nvd3dum.dll
0x76240000 - 0x76245000 	C:\Windows\syswow64\PSAPI.DLL
0x6b2f0000 - 0x6b315000 	C:\Windows\system32\powrprof.dll
0x76a90000 - 0x76c2d000 	C:\Windows\syswow64\SETUPAPI.dll
0x764a0000 - 0x764c7000 	C:\Windows\syswow64\CFGMGR32.dll
0x75e20000 - 0x75eb1000 	C:\Windows\syswow64\OLEAUT32.dll
0x76030000 - 0x76042000 	C:\Windows\syswow64\DEVOBJ.dll
0x2a680000 - 0x2a76b000 	C:\Program Files (x86)\NVIDIA Corporation\3D Vision\nvSCPAPI.dll
0x66d40000 - 0x66d8c000 	C:\Windows\system32\dxgi.dll
0x750e0000 - 0x75d2b000 	C:\Windows\syswow64\SHELL32.dll
0x6d600000 - 0x6d613000 	C:\Program Files\Micro-Manager-2.032\jre\bin\net.dll
0x76590000 - 0x765c5000 	C:\Windows\syswow64\WS2_32.dll
0x776f0000 - 0x776f6000 	C:\Windows\syswow64\NSI.dll
0x72b20000 - 0x72b5c000 	C:\Windows\system32\mswsock.dll
0x72c70000 - 0x72c76000 	C:\Windows\System32\wship6.dll
0x6d620000 - 0x6d629000 	C:\Program Files\Micro-Manager-2.032\jre\bin\nio.dll
0x5cdb0000 - 0x5ce86000 	C:\Program Files\Micro-Manager-2.032\MMCoreJ_wrap.dll
0x72410000 - 0x7242c000 	C:\Windows\system32\IPHLPAPI.DLL
0x72c60000 - 0x72c67000 	C:\Windows\system32\WINNSI.DLL
0x66210000 - 0x66279000 	C:\Windows\system32\MSVCP100.dll
0x6b990000 - 0x6ba4f000 	C:\Windows\system32\MSVCR100.dll
0x6d550000 - 0x6d559000 	C:\Program Files\Micro-Manager-2.032\jre\bin\management.dll
0x6fb90000 - 0x6fba0000 	C:\Windows\system32\NLAapi.dll
0x6fb80000 - 0x6fb90000 	C:\Windows\system32\napinsp.dll
0x6fb60000 - 0x6fb72000 	C:\Windows\system32\pnrpnsp.dll
0x6fb10000 - 0x6fb54000 	C:\Windows\system32\DNSAPI.dll
0x6fb00000 - 0x6fb08000 	C:\Windows\System32\winrnr.dll
0x6fad0000 - 0x6fad8000 	C:\Program Files (x86)\National Instruments\Shared\mDNS Responder\nimdnsNSP.dll
0x6fac0000 - 0x6facd000 	C:\Windows\system32\nimdnsResponder.dll
0x6faa0000 - 0x6fab4000 	C:\Windows\system32\VCRUNTIME140.dll
0x6fa90000 - 0x6fa94000 	C:\Windows\system32\api-ms-win-crt-runtime-l1-1-0.dll
0x6f9a0000 - 0x6fa81000 	C:\Windows\system32\ucrtbase.DLL
0x6f990000 - 0x6f993000 	C:\Windows\system32\api-ms-win-core-timezone-l1-1-0.dll
0x6f8b0000 - 0x6f8b3000 	C:\Windows\system32\api-ms-win-core-file-l2-1-0.dll
0x6f8a0000 - 0x6f8a3000 	C:\Windows\system32\api-ms-win-core-localization-l1-2-0.dll
0x73b10000 - 0x73b13000 	C:\Windows\system32\api-ms-win-core-synch-l1-2-0.dll
0x73b00000 - 0x73b03000 	C:\Windows\system32\api-ms-win-core-processthreads-l1-1-1.dll
0x73af0000 - 0x73af3000 	C:\Windows\system32\api-ms-win-core-file-l1-2-0.dll
0x73ae0000 - 0x73ae4000 	C:\Windows\system32\api-ms-win-crt-string-l1-1-0.dll
0x73ad0000 - 0x73ad3000 	C:\Windows\system32\api-ms-win-crt-heap-l1-1-0.dll
0x73ac0000 - 0x73ac4000 	C:\Windows\system32\api-ms-win-crt-stdio-l1-1-0.dll
0x72ee0000 - 0x72ee4000 	C:\Windows\system32\api-ms-win-crt-convert-l1-1-0.dll
0x72c80000 - 0x72c85000 	C:\Windows\System32\wshtcpip.dll
0x72ed0000 - 0x72ed6000 	C:\Windows\system32\rasadhlp.dll
0x6be50000 - 0x6be88000 	C:\Windows\System32\fwpuclnt.dll
0x6d1a0000 - 0x6d1c3000 	C:\Program Files\Micro-Manager-2.032\jre\bin\dcpr.dll
0x5d620000 - 0x5d638000 	C:\Program Files\Micro-Manager-2.032\mmgr_dal_RCM.dll
0x2fd70000 - 0x30000000 	C:\Windows\system32\nicaiu.dll
0x64580000 - 0x645ec000 	C:\Windows\system32\NIPALU.dll
0x64500000 - 0x64506000 	C:\Windows\system32\nipalut.dll
0x6b8d0000 - 0x6b8d8000 	C:\Windows\system32\NIPAL32.dll
0x6bd80000 - 0x6bd83000 	C:\Windows\system32\api-ms-win-crt-utility-l1-1-0.dll
0x6b8b0000 - 0x6b8ce000 	C:\Windows\system32\niorbu.dll
0x6bb60000 - 0x6bb78000 	C:\Windows\system32\nirpc.dll
0x72de0000 - 0x72de7000 	C:\Windows\system32\WSOCK32.dll
0x6bde0000 - 0x6be4c000 	C:\Windows\system32\MSVCP140.dll
0x72ea0000 - 0x72ea3000 	C:\Windows\system32\api-ms-win-crt-locale-l1-1-0.dll
0x6bdd0000 - 0x6bdd5000 	C:\Windows\system32\api-ms-win-crt-math-l1-1-0.dll
0x6bdc0000 - 0x6bdc5000 	C:\Windows\system32\api-ms-win-crt-multibyte-l1-1-0.dll
0x6bdb0000 - 0x6bdb3000 	C:\Windows\system32\api-ms-win-crt-time-l1-1-0.dll
0x6bda0000 - 0x6bda3000 	C:\Windows\system32\api-ms-win-crt-filesystem-l1-1-0.dll
0x6bd90000 - 0x6bd93000 	C:\Windows\system32\api-ms-win-crt-environment-l1-1-0.dll
0x6b870000 - 0x6b8a7000 	C:\Windows\system32\nimdbgu.dll
0x6dba0000 - 0x6dfe4000 	C:\Windows\system32\nidmxfu.dll
0x2f650000 - 0x2f68d000 	C:\Windows\system32\nicrtsiu.dll
0x6fba0000 - 0x6fc2e000 	C:\Windows\WinSxS\x86_microsoft.vc90.crt_1fc8b3b9a1e18e3b_9.0.30729.6161_none_50934f2ebcb7eb57\MSVCP90.dll
0x72df0000 - 0x72e93000 	C:\Windows\WinSxS\x86_microsoft.vc90.crt_1fc8b3b9a1e18e3b_9.0.30729.6161_none_50934f2ebcb7eb57\MSVCR90.dll
0x6b820000 - 0x6b86c000 	C:\Windows\system32\nimxdfu.dll
0x6e1a0000 - 0x6e2a7000 	C:\Windows\system32\nimhwcfu.dll
0x6b7f0000 - 0x6b820000 	C:\Windows\system32\nidimu.dll
0x2f690000 - 0x2f699000 	C:\Windows\system32\niprtsiu.dll
0x767e0000 - 0x76a8b000 	C:\Windows\syswow64\WININET.dll
0x75080000 - 0x75084000 	C:\Windows\syswow64\api-ms-win-downlevel-user32-l1-1-0.dll
0x76050000 - 0x76054000 	C:\Windows\syswow64\api-ms-win-downlevel-shlwapi-l1-1-0.dll
0x76060000 - 0x76064000 	C:\Windows\syswow64\api-ms-win-downlevel-version-l1-1-0.dll
0x76640000 - 0x76643000 	C:\Windows\syswow64\api-ms-win-downlevel-normaliz-l1-1-0.dll
0x76f10000 - 0x76f13000 	C:\Windows\syswow64\normaliz.DLL
0x76f20000 - 0x77155000 	C:\Windows\syswow64\iertutil.dll
0x76630000 - 0x76635000 	C:\Windows\syswow64\api-ms-win-downlevel-advapi32-l1-1-0.dll
0x75d30000 - 0x75d47000 	C:\Windows\syswow64\USERENV.dll
0x76570000 - 0x7657b000 	C:\Windows\syswow64\profapi.dll
0x6b790000 - 0x6b7e8000 	C:\Windows\system32\WINHTTP.dll
0x6b740000 - 0x6b78f000 	C:\Windows\system32\webio.dll
0x6b650000 - 0x6b70d000 	C:\Windows\system32\nimru2u.dll
0x5cd00000 - 0x5cd22000 	C:\Windows\system32\NiSpyLog.dll
0x6b630000 - 0x6b641000 	C:\Program Files (x86)\National Instruments\MAX\mxs.dll
0x6bae0000 - 0x6bb24000 	C:\Program Files (x86)\National Instruments\MAX\mxsutils.dll
0x30410000 - 0x30467000 	C:\Windows\system32\nierInterface.dll
0x6b5b0000 - 0x6b629000 	C:\Program Files (x86)\National Instruments\MAX\mxsout.dll
0x30520000 - 0x30529000 	C:\Program Files (x86)\National Instruments\Shared\Caps\NI6535.sdc
0x30c30000 - 0x30c44000 	C:\Program Files (x86)\National Instruments\Shared\Caps\nicm.sdc
0x30c50000 - 0x30c57000 	C:\Program Files (x86)\National Instruments\Shared\Caps\nicond.sdc
0x30c70000 - 0x30cad000 	C:\Program Files (x86)\National Instruments\Shared\Caps\nics.sdc
0x30cc0000 - 0x30cd3000 	C:\Program Files (x86)\National Instruments\Shared\Caps\NIDSA.sdc

VM Arguments:
jvm_args: -XX:SoftRefLRUPolicyMSPerMB=1000000000000 -Dsun.java2d.dpiaware=false -Xmx512m 
java_command: ij.ImageJ -ijpath C:\PROGRA~1\MICRO-~1.032\
Launcher Type: SUN_STANDARD

Environment Variables:
JAVA_HOME=C:\Program Files\Java\jdk1.8.0_121
PATH=C:\ProgramData\Oracle\Java\javapath;C:\Windows\system32;C:\Windows;C:\Windows\System32\Wbem;C:\Windows\System32\WindowsPowerShell\v1.0\;c:\Program Files (x86)\Common Files\Roxio Shared\DLLShared\;c:\Program Files (x86)\Common Files\Roxio Shared\10.0\DLLShared\;C:\Program Files\Nikon\Shared\dlls;C:\Program Files (x86)\IVI Foundation\VISA\WinNT\Bin;C:\XIMEA\API;C:\Users\Nikon-SIM\AppData\Local\Programs\Python\Python36\Scripts;C:\Users\Nikon-SIM\AppData\Local\Programs\Python\Python36;C:\Program Files (x86)\Microsoft Visual Studio\2017\Community\VC\Tools\MSVC\14.10.25017\bin\HostX64\x64;C:\Windows\system32\config\systemprofile\.dnx\bin;C:\Program Files\Microsoft DNX\Dnvm\;C:\Program Files\Microsoft SQL Server\130\Tools\Binn\;C:\Program Files (x86)\Microsoft Visual Studio\2017\Community\VC\Tools;C:\Users\Nikon-SIM\AppData\Local\Programs\Python\Python36\include;C:\Users\Nikon-SIM\AppData\Local\Programs\Python\Python36\libs;C:\cygwin\bin;C:\Program Files (x86)\IVI Foundation\VISA\WinNT\Bin\;C:\Program Files\IVI Foundation\VISA\Win64\Bin\;C:\Program Files\CMake\bin;c:\Program Files (x86)\Microsoft SQL Server\100\Tools\Binn\;c:\Program Files\Microsoft SQL Server\100\Tools\Binn\;c:\Program Files\Microsoft SQL Server\100\DTS\Binn\;C:\Program Files\Microsoft Windows Performance Toolkit\;C:\Users\Nikon-SIM\Documents\Danny\apache-ant-1.10.1\bin;C:\Users\Nikon-SIM\AppData\Local\Programs\Python\Python36\;C:\Users\Nikon-SIM\AppData\Local\Programs\Python\Python36\Scripts\
USERNAME=Nikon-SIM
OS=Windows_NT
PROCESSOR_IDENTIFIER=Intel64 Family 6 Model 44 Stepping 2, GenuineIntel



---------------  S Y S T E M  ---------------

OS: Windows 7 , 64 bit Build 7601 Service Pack 1

CPU:total 12 (6 cores per cpu, 2 threads per core) family 6 model 44 stepping 2, cmov, cx8, fxsr, mmx, sse, sse2, sse3, ssse3, sse4.1, sse4.2, popcnt, ht

Memory: 4k page, physical 12565728k(4942156k free), swap 25129596k(15382864k free)

vm_info: Java HotSpot(TM) Client VM (20.6-b01) for windows-x86 JRE (1.6.0_31-b05), built on Feb  3 2012 18:44:09 by "java_re" with MS VC++ 7.1 (VS2003)

time: Thu Jun 08 17:39:31 2017
elapsed time: 2 seconds

