#
# A fatal error has been detected by the Java Runtime Environment:
#
#  EXCEPTION_ACCESS_VIOLATION (0xc0000005) at pc=0x54ea19c5, pid=2768, tid=0x000023f8
#
# JRE version: Java(TM) SE Runtime Environment (8.0_131-b11) (build 1.8.0_131-b11)
# Java VM: Java HotSpot(TM) Client VM (25.131-b11 mixed mode windows-x86 )
# Problematic frame:
# C  [mmgr_dal_RCM.dll+0x19c5]  RCM::RCM+0x145
#
# Failed to write core dump. Minidumps are not enabled by default on client versions of Windows
#
# If you would like to submit a bug report, please visit:
#   http://bugreport.java.com/bugreport/crash.jsp
# The crash happened outside the Java Virtual Machine in native code.
# See problematic frame for where to report the bug.
#

---------------  T H R E A D  ---------------

Current thread (0x157f9c00):  JavaThread "AWT-EventQueue-0" [_thread_in_native, id=9208, stack(0x179d0000,0x17a20000)]

siginfo: ExceptionCode=0xc0000005, reading address 0x00000000

Registers:
EAX=0x00000000, EBX=0x00000000, ECX=0x821983be, EDX=0x00000001
ESP=0x17a1cd10, EBP=0x17a1cd40, ESI=0x1aa2114c, EDI=0x1aa20fb8
EIP=0x54ea19c5, EFLAGS=0x00010246

Top of Stack: (sp=0x17a1cd10)
0x17a1cd10:   821983fa 17a1d460 17a1d2c8 19c8acd4
0x17a1cd20:   19c8acd4 17a1cd40 5540233b 000001c0
0x17a1cd30:   00c70000 17a1cfa0 54eac02a 00000001
0x17a1cd40:   17a1cd4c 54ea1321 1aa20fb8 17a1cfac
0x17a1cd50:   54a10026 17a1d460 8dd0fa9f 17a1d444
0x17a1cd60:   00000000 00000000 54ea6620 00000020
0x17a1cd70:   82198312 00000013 19843888 00000000
0x17a1cd80:   00000001 19843868 17a1cd74 17a1cdd0 

Instructions: (pc=0x54ea19c5)
0x54ea19a5:   00 dd 9f 78 01 00 00 dd 05 a0 e0 ea 54 dd 9f 80
0x54ea19b5:   01 00 00 89 46 14 33 c0 89 5e 10 88 1e 8d 50 01
0x54ea19c5:   8a 08 40 3a cb 75 f9 2b c2 89 45 f0 83 f8 fe 76
0x54ea19d5:   0b 68 fc dc ea 54 ff 15 ac d0 ea 54 8b 4e 14 3b 


Register to memory mapping:

EAX=0x00000000 is an unknown value
EBX=0x00000000 is an unknown value
ECX=0x821983be is an unknown value
EDX=0x00000001 is an unknown value
ESP=0x17a1cd10 is pointing into the stack for thread: 0x157f9c00
EBP=0x17a1cd40 is pointing into the stack for thread: 0x157f9c00
ESI=0x1aa2114c is an unknown value
EDI=0x1aa20fb8 is an unknown value


Stack: [0x179d0000,0x17a20000],  sp=0x17a1cd10,  free space=307k
Native frames: (J=compiled Java code, j=interpreted, Vv=VM code, C=native code)
C  [mmgr_dal_RCM.dll+0x19c5]  RCM::RCM+0x145
C  [mmgr_dal_RCM.dll+0x1321]  CreateDevice+0x51
C  [MMCoreJ_wrap.dll+0x80026]
C  [MMCoreJ_wrap.dll+0x691f1]
C  [MMCoreJ_wrap.dll+0x39e06]
C  [MMCoreJ_wrap.dll+0x607c0]
C  [MMCoreJ_wrap.dll+0x617a4]
C  [MMCoreJ_wrap.dll+0x7fb0]
j  mmcorej.MMCoreJJNI.CMMCore_loadSystemConfiguration(JLmmcorej/CMMCore;Ljava/lang/String;)V+0
j  mmcorej.CMMCore.loadSystemConfiguration(Ljava/lang/String;)V+6
j  org.micromanager.internal.MMStudio.loadSystemConfiguration()Z+78
j  org.micromanager.internal.MMStudio.<init>(Z)V+303
j  MMStudioPlugin$1.run()V+71
j  java.awt.event.InvocationEvent.dispatch()V+47
j  java.awt.EventQueue.dispatchEventImpl(Ljava/awt/AWTEvent;Ljava/lang/Object;)V+21
j  java.awt.EventQueue.access$500(Ljava/awt/EventQueue;Ljava/awt/AWTEvent;Ljava/lang/Object;)V+3
j  java.awt.EventQueue$3.run()Ljava/lang/Void;+32
j  java.awt.EventQueue$3.run()Ljava/lang/Object;+1
v  ~StubRoutines::call_stub
V  [jvm.dll+0x15af45]
V  [jvm.dll+0x2213ae]
V  [jvm.dll+0x15afde]
V  [jvm.dll+0x10b2cf]
C  [java.dll+0x102f]
j  java.security.ProtectionDomain$JavaSecurityAccessImpl.doIntersectionPrivilege(Ljava/security/PrivilegedAction;Ljava/security/AccessControlContext;Ljava/security/AccessControlContext;)Ljava/lang/Object;+18
j  java.awt.EventQueue.dispatchEvent(Ljava/awt/AWTEvent;)V+46
j  java.awt.EventDispatchThread.pumpOneEventForFilters(I)V+245
j  java.awt.EventDispatchThread.pumpEventsForFilter(ILjava/awt/Conditional;Ljava/awt/EventFilter;)V+35
j  java.awt.EventDispatchThread.pumpEventsForHierarchy(ILjava/awt/Conditional;Ljava/awt/Component;)V+11
j  java.awt.EventDispatchThread.pumpEvents(ILjava/awt/Conditional;)V+4
j  java.awt.EventDispatchThread.pumpEvents(Ljava/awt/Conditional;)V+3
j  java.awt.EventDispatchThread.run()V+9
v  ~StubRoutines::call_stub
V  [jvm.dll+0x15af45]
V  [jvm.dll+0x2213ae]
V  [jvm.dll+0x15afde]
V  [jvm.dll+0x15b166]
V  [jvm.dll+0x15b1d7]
V  [jvm.dll+0xff36f]
V  [jvm.dll+0x17dc30]
V  [jvm.dll+0x17e4aa]
V  [jvm.dll+0x1c2ec6]
C  [msvcr100.dll+0x5c556]
C  [msvcr100.dll+0x5c600]
C  [kernel32.dll+0x1336a]
C  [ntdll.dll+0x39902]
C  [ntdll.dll+0x398d5]
C  0x00000000

Java frames: (J=compiled Java code, j=interpreted, Vv=VM code)
j  mmcorej.MMCoreJJNI.CMMCore_loadSystemConfiguration(JLmmcorej/CMMCore;Ljava/lang/String;)V+0
j  mmcorej.CMMCore.loadSystemConfiguration(Ljava/lang/String;)V+6
j  org.micromanager.internal.MMStudio.loadSystemConfiguration()Z+78
j  org.micromanager.internal.MMStudio.<init>(Z)V+303
j  MMStudioPlugin$1.run()V+71
j  java.awt.event.InvocationEvent.dispatch()V+47
j  java.awt.EventQueue.dispatchEventImpl(Ljava/awt/AWTEvent;Ljava/lang/Object;)V+21
j  java.awt.EventQueue.access$500(Ljava/awt/EventQueue;Ljava/awt/AWTEvent;Ljava/lang/Object;)V+3
j  java.awt.EventQueue$3.run()Ljava/lang/Void;+32
j  java.awt.EventQueue$3.run()Ljava/lang/Object;+1
v  ~StubRoutines::call_stub
j  java.security.AccessController.doPrivileged(Ljava/security/PrivilegedAction;Ljava/security/AccessControlContext;)Ljava/lang/Object;+0
j  java.security.ProtectionDomain$JavaSecurityAccessImpl.doIntersectionPrivilege(Ljava/security/PrivilegedAction;Ljava/security/AccessControlContext;Ljava/security/AccessControlContext;)Ljava/lang/Object;+18
j  java.awt.EventQueue.dispatchEvent(Ljava/awt/AWTEvent;)V+46
j  java.awt.EventDispatchThread.pumpOneEventForFilters(I)V+245
j  java.awt.EventDispatchThread.pumpEventsForFilter(ILjava/awt/Conditional;Ljava/awt/EventFilter;)V+35
j  java.awt.EventDispatchThread.pumpEventsForHierarchy(ILjava/awt/Conditional;Ljava/awt/Component;)V+11
j  java.awt.EventDispatchThread.pumpEvents(ILjava/awt/Conditional;)V+4
j  java.awt.EventDispatchThread.pumpEvents(Ljava/awt/Conditional;)V+3
j  java.awt.EventDispatchThread.run()V+9
v  ~StubRoutines::call_stub

---------------  P R O C E S S  ---------------

Java Threads: ( => current thread )
  0x15953000 JavaThread "D3D Screen Updater" daemon [_thread_blocked, id=9668, stack(0x19470000,0x194c0000)]
  0x1977d000 JavaThread "TimerQueue" daemon [_thread_blocked, id=8756, stack(0x1a040000,0x1a090000)]
  0x19591c00 JavaThread "EDTHangLogger timer" daemon [_thread_blocked, id=10112, stack(0x1a100000,0x1a150000)]
  0x1958cc00 JavaThread "User profile save thread" [_thread_blocked, id=8436, stack(0x19ed0000,0x19f20000)]
  0x00c7ec00 JavaThread "DestroyJavaVM" [_thread_blocked, id=5376, stack(0x00fe0000,0x01030000)]
  0x157c6000 JavaThread "Image Fetcher 0" daemon [_thread_blocked, id=1124, stack(0x15d30000,0x15d80000)]
=>0x157f9c00 JavaThread "AWT-EventQueue-0" [_thread_in_native, id=9208, stack(0x179d0000,0x17a20000)]
  0x15741400 JavaThread "AWT-Windows" daemon [_thread_in_native, id=9632, stack(0x15da0000,0x15df0000)]
  0x15740c00 JavaThread "AWT-Shutdown" [_thread_blocked, id=9064, stack(0x15bc0000,0x15c10000)]
  0x1574f000 JavaThread "Java2D Disposer" daemon [_thread_blocked, id=9384, stack(0x15b60000,0x15bb0000)]
  0x14ef8000 JavaThread "Service Thread" daemon [_thread_blocked, id=7116, stack(0x15460000,0x154b0000)]
  0x14f04c00 JavaThread "C1 CompilerThread0" daemon [_thread_blocked, id=9824, stack(0x150b0000,0x15100000)]
  0x14f03800 JavaThread "Attach Listener" daemon [_thread_blocked, id=5292, stack(0x152b0000,0x15300000)]
  0x14f00800 JavaThread "Signal Dispatcher" daemon [_thread_blocked, id=10196, stack(0x15300000,0x15350000)]
  0x14ede800 JavaThread "Finalizer" daemon [_thread_blocked, id=9372, stack(0x00f90000,0x00fe0000)]
  0x14eb8400 JavaThread "Reference Handler" daemon [_thread_blocked, id=7412, stack(0x15130000,0x15180000)]

Other Threads:
  0x14eb1800 VMThread [stack: 0x01240000,0x01290000] [id=9936]
  0x14efb000 WatcherThread [stack: 0x15510000,0x15560000] [id=6776]

VM state:not at safepoint (normal execution)

VM Mutex/Monitor currently owned by a thread: None

Heap:
 def new generation   total 4992K, used 2092K [0x04a00000, 0x04f60000, 0x09f50000)
  eden space 4480K,  35% used [0x04a00000, 0x04b8b138, 0x04e60000)
  from space 512K, 100% used [0x04ee0000, 0x04f60000, 0x04f60000)
  to   space 512K,   0% used [0x04e60000, 0x04e60000, 0x04ee0000)
 tenured generation   total 10944K, used 10486K [0x09f50000, 0x0aa00000, 0x14a00000)
   the space 10944K,  95% used [0x09f50000, 0x0a98daf0, 0x0a98dc00, 0x0aa00000)
 Metaspace       used 17573K, capacity 18602K, committed 18688K, reserved 18816K

Card table byte_map: [0x00f00000,0x00f90000] byte_map_base: 0x00edb000

Polling page: 0x000c0000

CodeCache: size=32768Kb used=2183Kb max_used=2183Kb free=30584Kb
 bounds [0x029b0000, 0x02bd8000, 0x049b0000]
 total_blobs=1358 nmethods=1071 adapters=217
 compilation: enabled

Compilation events (10 events):
Event: 2.128 Thread 0x14f04c00 1086             sun.java2d.SurfaceData::getNativeOps (5 bytes)
Event: 2.128 Thread 0x14f04c00 nmethod 1086 0x02bd1688 code [0x02bd1780, 0x02bd1800]
Event: 2.170 Thread 0x14f04c00 1087             java.awt.Component::isValid (20 bytes)
Event: 2.170 Thread 0x14f04c00 nmethod 1087 0x02bd1848 code [0x02bd1940, 0x02bd19f0]
Event: 2.174 Thread 0x14f04c00 1088             java.awt.Component::getContainer (5 bytes)
Event: 2.174 Thread 0x14f04c00 nmethod 1088 0x02bd1a48 code [0x02bd1b40, 0x02bd1bc0]
Event: 2.174 Thread 0x14f04c00 1089             java.awt.Component::checkTreeLock (21 bytes)
Event: 2.174 Thread 0x14f04c00 nmethod 1089 0x02bd1ec8 code [0x02bd1fe0, 0x02bd20e8]
Event: 2.182 Thread 0x14f04c00 1091             java.util.HashMap$Node::getValue (5 bytes)
Event: 2.182 Thread 0x14f04c00 nmethod 1091 0x02bd2188 code [0x02bd2280, 0x02bd2300]

GC Heap History (10 events):
Event: 1.471 GC heap before
{Heap before GC invocations=16 (full 1):
 def new generation   total 4992K, used 4991K [0x04a00000, 0x04f60000, 0x09f50000)
  eden space 4480K, 100% used [0x04a00000, 0x04e60000, 0x04e60000)
  from space 512K,  99% used [0x04e60000, 0x04edfff8, 0x04ee0000)
  to   space 512K,   0% used [0x04ee0000, 0x04ee0000, 0x04f60000)
 tenured generation   total 10944K, used 8510K [0x09f50000, 0x0aa00000, 0x14a00000)
   the space 10944K,  77% used [0x09f50000, 0x0a79f870, 0x0a79fa00, 0x0aa00000)
 Metaspace       used 15679K, capacity 16711K, committed 16768K, reserved 16768K
Event: 1.474 GC heap after
Heap after GC invocations=17 (full 1):
 def new generation   total 4992K, used 512K [0x04a00000, 0x04f60000, 0x09f50000)
  eden space 4480K,   0% used [0x04a00000, 0x04a00000, 0x04e60000)
  from space 512K, 100% used [0x04ee0000, 0x04f60000, 0x04f60000)
  to   space 512K,   0% used [0x04e60000, 0x04e60000, 0x04ee0000)
 tenured generation   total 10944K, used 8900K [0x09f50000, 0x0aa00000, 0x14a00000)
   the space 10944K,  81% used [0x09f50000, 0x0a8010a8, 0x0a801200, 0x0aa00000)
 Metaspace       used 15679K, capacity 16711K, committed 16768K, reserved 16768K
}
Event: 1.550 GC heap before
{Heap before GC invocations=17 (full 1):
 def new generation   total 4992K, used 4992K [0x04a00000, 0x04f60000, 0x09f50000)
  eden space 4480K, 100% used [0x04a00000, 0x04e60000, 0x04e60000)
  from space 512K, 100% used [0x04ee0000, 0x04f60000, 0x04f60000)
  to   space 512K,   0% used [0x04e60000, 0x04e60000, 0x04ee0000)
 tenured generation   total 10944K, used 8900K [0x09f50000, 0x0aa00000, 0x14a00000)
   the space 10944K,  81% used [0x09f50000, 0x0a8010a8, 0x0a801200, 0x0aa00000)
 Metaspace       used 16129K, capacity 17159K, committed 17280K, reserved 17792K
Event: 1.553 GC heap after
Heap after GC invocations=18 (full 1):
 def new generation   total 4992K, used 511K [0x04a00000, 0x04f60000, 0x09f50000)
  eden space 4480K,   0% used [0x04a00000, 0x04a00000, 0x04e60000)
  from space 512K,  99% used [0x04e60000, 0x04edfff8, 0x04ee0000)
  to   space 512K,   0% used [0x04ee0000, 0x04ee0000, 0x04f60000)
 tenured generation   total 10944K, used 9414K [0x09f50000, 0x0aa00000, 0x14a00000)
   the space 10944K,  86% used [0x09f50000, 0x0a881b48, 0x0a881c00, 0x0aa00000)
 Metaspace       used 16129K, capacity 17159K, committed 17280K, reserved 17792K
}
Event: 1.657 GC heap before
{Heap before GC invocations=18 (full 1):
 def new generation   total 4992K, used 4991K [0x04a00000, 0x04f60000, 0x09f50000)
  eden space 4480K, 100% used [0x04a00000, 0x04e60000, 0x04e60000)
  from space 512K,  99% used [0x04e60000, 0x04edfff8, 0x04ee0000)
  to   space 512K,   0% used [0x04ee0000, 0x04ee0000, 0x04f60000)
 tenured generation   total 10944K, used 9414K [0x09f50000, 0x0aa00000, 0x14a00000)
   the space 10944K,  86% used [0x09f50000, 0x0a881b48, 0x0a881c00, 0x0aa00000)
 Metaspace       used 16735K, capacity 17770K, committed 17920K, reserved 18816K
Event: 1.660 GC heap after
Heap after GC invocations=19 (full 1):
 def new generation   total 4992K, used 512K [0x04a00000, 0x04f60000, 0x09f50000)
  eden space 4480K,   0% used [0x04a00000, 0x04a00000, 0x04e60000)
  from space 512K, 100% used [0x04ee0000, 0x04f60000, 0x04f60000)
  to   space 512K,   0% used [0x04e60000, 0x04e60000, 0x04ee0000)
 tenured generation   total 10944K, used 10031K [0x09f50000, 0x0aa00000, 0x14a00000)
   the space 10944K,  91% used [0x09f50000, 0x0a91bc48, 0x0a91be00, 0x0aa00000)
 Metaspace       used 16735K, capacity 17770K, committed 17920K, reserved 18816K
}
Event: 1.709 GC heap before
{Heap before GC invocations=19 (full 1):
 def new generation   total 4992K, used 4992K [0x04a00000, 0x04f60000, 0x09f50000)
  eden space 4480K, 100% used [0x04a00000, 0x04e60000, 0x04e60000)
  from space 512K, 100% used [0x04ee0000, 0x04f60000, 0x04f60000)
  to   space 512K,   0% used [0x04e60000, 0x04e60000, 0x04ee0000)
 tenured generation   total 10944K, used 10031K [0x09f50000, 0x0aa00000, 0x14a00000)
   the space 10944K,  91% used [0x09f50000, 0x0a91bc48, 0x0a91be00, 0x0aa00000)
 Metaspace       used 17018K, capacity 18058K, committed 18176K, reserved 18816K
Event: 1.712 GC heap after
Heap after GC invocations=20 (full 1):
 def new generation   total 4992K, used 482K [0x04a00000, 0x04f60000, 0x09f50000)
  eden space 4480K,   0% used [0x04a00000, 0x04a00000, 0x04e60000)
  from space 512K,  94% used [0x04e60000, 0x04ed8858, 0x04ee0000)
  to   space 512K,   0% used [0x04ee0000, 0x04ee0000, 0x04f60000)
 tenured generation   total 10944K, used 10218K [0x09f50000, 0x0aa00000, 0x14a00000)
   the space 10944K,  93% used [0x09f50000, 0x0a94a9b8, 0x0a94aa00, 0x0aa00000)
 Metaspace       used 17018K, capacity 18058K, committed 18176K, reserved 18816K
}
Event: 1.958 GC heap before
{Heap before GC invocations=20 (full 1):
 def new generation   total 4992K, used 4962K [0x04a00000, 0x04f60000, 0x09f50000)
  eden space 4480K, 100% used [0x04a00000, 0x04e60000, 0x04e60000)
  from space 512K,  94% used [0x04e60000, 0x04ed8858, 0x04ee0000)
  to   space 512K,   0% used [0x04ee0000, 0x04ee0000, 0x04f60000)
 tenured generation   total 10944K, used 10218K [0x09f50000, 0x0aa00000, 0x14a00000)
   the space 10944K,  93% used [0x09f50000, 0x0a94a9b8, 0x0a94aa00, 0x0aa00000)
 Metaspace       used 17468K, capacity 18506K, committed 18560K, reserved 18816K
Event: 1.960 GC heap after
Heap after GC invocations=21 (full 1):
 def new generation   total 4992K, used 512K [0x04a00000, 0x04f60000, 0x09f50000)
  eden space 4480K,   0% used [0x04a00000, 0x04a00000, 0x04e60000)
  from space 512K, 100% used [0x04ee0000, 0x04f60000, 0x04f60000)
  to   space 512K,   0% used [0x04e60000, 0x04e60000, 0x04ee0000)
 tenured generation   total 10944K, used 10486K [0x09f50000, 0x0aa00000, 0x14a00000)
   the space 10944K,  95% used [0x09f50000, 0x0a98daf0, 0x0a98dc00, 0x0aa00000)
 Metaspace       used 17468K, capacity 18506K, committed 18560K, reserved 18816K
}

Deoptimization events (0 events):
No events

Internal exceptions (10 events):
Event: 0.215 Thread 0x00c7ec00 Exception <a 'java/io/FileNotFoundException'> (0x04a0b128) thrown at [C:\re\workspace\8-2-build-windows-i586-cygwin\jdk8u131\8869\hotspot\src\share\vm\prims\jni.cpp, line 709]
Event: 0.572 Thread 0x157f9c00 Exception <a 'java/lang/UnsatisfiedLinkError': mmcorej.MMCoreJJNI.CMMCore_noop()V> (0x04d8e808) thrown at [C:\re\workspace\8-2-build-windows-i586-cygwin\jdk8u131\8869\hotspot\src\share\vm\prims\nativeLookup.cpp, line 378]
Event: 0.628 Thread 0x157f9c00 Exception <a 'java/io/FileNotFoundException'> (0x04b41dc8) thrown at [C:\re\workspace\8-2-build-windows-i586-cygwin\jdk8u131\8869\hotspot\src\share\vm\prims\jni.cpp, line 709]
Event: 1.025 Thread 0x157f9c00 Exception <a 'java/lang/ClassNotFoundException': java/lang/ObjectCustomizer> (0x04b402e0) thrown at [C:\re\workspace\8-2-build-windows-i586-cygwin\jdk8u131\8869\hotspot\src\share\vm\classfile\systemDictionary.cpp, line 210]
Event: 1.027 Thread 0x157f9c00 Exception <a 'java/lang/ArrayIndexOutOfBoundsException': 18> (0x04b41948) thrown at [C:\re\workspace\8-2-build-windows-i586-cygwin\jdk8u131\8869\hotspot\src\share\vm\interpreter\interpreterRuntime.cpp, line 366]
Event: 1.028 Thread 0x157f9c00 Exception <a 'java/lang/ArrayIndexOutOfBoundsException': 22> (0x04b56ec8) thrown at [C:\re\workspace\8-2-build-windows-i586-cygwin\jdk8u131\8869\hotspot\src\share\vm\interpreter\interpreterRuntime.cpp, line 366]
Event: 1.028 Thread 0x157f9c00 Exception <a 'java/lang/ArrayIndexOutOfBoundsException': 160> (0x04b58cd8) thrown at [C:\re\workspace\8-2-build-windows-i586-cygwin\jdk8u131\8869\hotspot\src\share\vm\interpreter\interpreterRuntime.cpp, line 366]
Event: 1.030 Thread 0x157f9c00 Exception <a 'java/lang/ClassNotFoundException': net/miginfocom/layout/UnitValueCustomizer> (0x04b76e48) thrown at [C:\re\workspace\8-2-build-windows-i586-cygwin\jdk8u131\8869\hotspot\src\share\vm\classfile\systemDictionary.cpp, line 210]
Event: 1.031 Thread 0x157f9c00 Exception <a 'java/lang/ClassNotFoundException': java/lang/ObjectCustomizer> (0x04ba4810) thrown at [C:\re\workspace\8-2-build-windows-i586-cygwin\jdk8u131\8869\hotspot\src\share\vm\classfile\systemDictionary.cpp, line 210]
Event: 1.032 Thread 0x157f9c00 Exception <a 'java/lang/ClassNotFoundException': net/miginfocom/layout/BoundSizeCustomizer> (0x04bb6900) thrown at [C:\re\workspace\8-2-build-windows-i586-cygwin\jdk8u131\8869\hotspot\src\share\vm\classfile\systemDictionary.cpp, line 210]

Events (10 events):
Event: 2.169 loading class javax/swing/JWindow
Event: 2.169 loading class javax/swing/JWindow done
Event: 2.173 loading class javax/swing/Popup$HeavyWeightWindow
Event: 2.173 loading class javax/swing/Popup$HeavyWeightWindow done
Event: 2.174 loading class com/sun/java/swing/plaf/windows/WindowsPopupWindow
Event: 2.174 loading class com/sun/java/swing/plaf/windows/WindowsPopupWindow done
Event: 2.183 loading class javax/swing/RepaintManager$DisplayChangedRunnable
Event: 2.183 loading class javax/swing/RepaintManager$DisplayChangedRunnable done
Event: 2.184 loading class org/micromanager/events/PropertyChangedEvent
Event: 2.184 loading class org/micromanager/events/PropertyChangedEvent done


Dynamic libraries:
0x012a0000 - 0x012d3000 	C:\Program Files (x86)\Java\jdk1.8.0_131\bin\javaw.exe
0x778f0000 - 0x77a70000 	C:\Windows\SysWOW64\ntdll.dll
0x75810000 - 0x75920000 	C:\Windows\syswow64\kernel32.dll
0x75dc0000 - 0x75e07000 	C:\Windows\syswow64\KERNELBASE.dll
0x75a40000 - 0x75ae1000 	C:\Windows\syswow64\ADVAPI32.dll
0x761f0000 - 0x7629c000 	C:\Windows\syswow64\msvcrt.dll
0x762b0000 - 0x762c9000 	C:\Windows\SysWOW64\sechost.dll
0x754a0000 - 0x75590000 	C:\Windows\syswow64\RPCRT4.dll
0x75190000 - 0x751f0000 	C:\Windows\syswow64\SspiCli.dll
0x75180000 - 0x7518c000 	C:\Windows\syswow64\CRYPTBASE.dll
0x75e70000 - 0x75f70000 	C:\Windows\syswow64\USER32.dll
0x75d20000 - 0x75db0000 	C:\Windows\syswow64\GDI32.dll
0x77210000 - 0x7721a000 	C:\Windows\syswow64\LPK.dll
0x75770000 - 0x7580d000 	C:\Windows\syswow64\USP10.dll
0x6fce0000 - 0x6fe7e000 	C:\Windows\WinSxS\x86_microsoft.windows.common-controls_6595b64144ccf1df_6.0.7601.18837_none_41e855142bd5705d\COMCTL32.dll
0x77220000 - 0x77277000 	C:\Windows\syswow64\SHLWAPI.dll
0x75700000 - 0x75760000 	C:\Windows\system32\IMM32.DLL
0x75920000 - 0x759ed000 	C:\Windows\syswow64\MSCTF.dll
0x553f0000 - 0x554af000 	C:\Program Files (x86)\Java\jdk1.8.0_131\jre\bin\msvcr100.dll
0x54a70000 - 0x54e3e000 	C:\Program Files (x86)\Java\jdk1.8.0_131\jre\bin\client\jvm.dll
0x72f90000 - 0x72f97000 	C:\Windows\system32\WSOCK32.dll
0x75ca0000 - 0x75cd5000 	C:\Windows\syswow64\WS2_32.dll
0x75e20000 - 0x75e26000 	C:\Windows\syswow64\NSI.dll
0x6fbf0000 - 0x6fc22000 	C:\Windows\system32\WINMM.dll
0x750b0000 - 0x750b9000 	C:\Windows\system32\VERSION.dll
0x76330000 - 0x76335000 	C:\Windows\syswow64\PSAPI.DLL
0x575b0000 - 0x575bc000 	C:\Program Files (x86)\Java\jdk1.8.0_131\jre\bin\verify.dll
0x57580000 - 0x575a1000 	C:\Program Files (x86)\Java\jdk1.8.0_131\jre\bin\java.dll
0x55550000 - 0x55563000 	C:\Program Files (x86)\Java\jdk1.8.0_131\jre\bin\zip.dll
0x765c0000 - 0x7720c000 	C:\Windows\syswow64\SHELL32.dll
0x76090000 - 0x761ed000 	C:\Windows\syswow64\ole32.dll
0x765b0000 - 0x765bb000 	C:\Windows\syswow64\profapi.dll
0x550c0000 - 0x55205000 	C:\Program Files (x86)\Java\jdk1.8.0_131\jre\bin\awt.dll
0x77450000 - 0x774e1000 	C:\Windows\syswow64\OLEAUT32.dll
0x6fcc0000 - 0x6fcd3000 	C:\Windows\system32\DWMAPI.DLL
0x54ff0000 - 0x550b8000 	C:\Windows\system32\opengl32.dll
0x55520000 - 0x55542000 	C:\Windows\system32\GLU32.dll
0x54f00000 - 0x54fe7000 	C:\Windows\system32\DDRAW.dll
0x575c0000 - 0x575c6000 	C:\Windows\system32\DCIMAN32.dll
0x75b00000 - 0x75c9d000 	C:\Windows\syswow64\SETUPAPI.dll
0x75ce0000 - 0x75d07000 	C:\Windows\syswow64\CFGMGR32.dll
0x77280000 - 0x77292000 	C:\Windows\syswow64\DEVOBJ.dll
0x6ff40000 - 0x6ffc0000 	C:\Windows\system32\uxtheme.dll
0x5c1b0000 - 0x5c373000 	C:\Windows\system32\d3d9.dll
0x6a430000 - 0x6a436000 	C:\Windows\system32\d3d8thk.dll
0x599f0000 - 0x5a89e000 	C:\Windows\system32\nvd3dum.dll
0x73d60000 - 0x73d85000 	C:\Windows\system32\powrprof.dll
0x17530000 - 0x1761b000 	C:\Program Files (x86)\NVIDIA Corporation\3D Vision\nvSCPAPI.dll
0x6ab00000 - 0x6ab4c000 	C:\Windows\system32\dxgi.dll
0x554e0000 - 0x55519000 	C:\Program Files (x86)\Java\jdk1.8.0_131\jre\bin\fontmanager.dll
0x55cd0000 - 0x55ce6000 	C:\Program Files (x86)\Java\jdk1.8.0_131\jre\bin\net.dll
0x725f0000 - 0x7262c000 	C:\Windows\system32\mswsock.dll
0x72e60000 - 0x72e66000 	C:\Windows\System32\wship6.dll
0x554d0000 - 0x554df000 	C:\Program Files (x86)\Java\jdk1.8.0_131\jre\bin\nio.dll
0x54ec0000 - 0x54ef2000 	C:\Program Files (x86)\Java\jdk1.8.0_131\jre\bin\t2k.dll
0x76000000 - 0x76083000 	C:\Windows\syswow64\CLBCatQ.DLL
0x6e3a0000 - 0x6e4d1000 	C:\Windows\system32\WindowsCodecs.dll
0x70050000 - 0x7009c000 	C:\Windows\system32\apphelp.dll
0x54e40000 - 0x54e71000 	C:\Windows\system32\EhStorShell.dll
0x746f0000 - 0x747e5000 	C:\Windows\system32\PROPSYS.dll
0x54990000 - 0x54a66000 	C:\Program Files\Micro-Manager-2.032\MMCoreJ_wrap.dll
0x725d0000 - 0x725ec000 	C:\Windows\system32\IPHLPAPI.DLL
0x724c0000 - 0x724c7000 	C:\Windows\system32\WINNSI.DLL
0x63870000 - 0x638d9000 	C:\Windows\system32\MSVCP100.dll
0x56330000 - 0x563a0000 	C:\Windows\system32\ntshrui.dll
0x6fac0000 - 0x6fad9000 	C:\Windows\system32\srvcli.dll
0x57570000 - 0x5757b000 	C:\Windows\system32\cscapi.dll
0x57560000 - 0x5756a000 	C:\Windows\system32\slc.dll
0x554c0000 - 0x554ca000 	C:\Program Files (x86)\Java\jdk1.8.0_131\jre\bin\management.dll
0x6f5d0000 - 0x6f5e0000 	C:\Windows\system32\NLAapi.dll
0x6f440000 - 0x6f450000 	C:\Windows\system32\napinsp.dll
0x6f420000 - 0x6f432000 	C:\Windows\system32\pnrpnsp.dll
0x6f3c0000 - 0x6f404000 	C:\Windows\system32\DNSAPI.dll
0x6f3b0000 - 0x6f3b8000 	C:\Windows\System32\winrnr.dll
0x73200000 - 0x73208000 	C:\Program Files (x86)\National Instruments\Shared\mDNS Responder\nimdnsNSP.dll
0x731f0000 - 0x731fd000 	C:\Windows\system32\nimdnsResponder.dll
0x731d0000 - 0x731e4000 	C:\Windows\system32\VCRUNTIME140.dll
0x74fe0000 - 0x74fe4000 	C:\Windows\system32\api-ms-win-crt-runtime-l1-1-0.dll
0x74ef0000 - 0x74fd1000 	C:\Windows\system32\ucrtbase.DLL
0x74e10000 - 0x74e13000 	C:\Windows\system32\api-ms-win-core-timezone-l1-1-0.dll
0x74dd0000 - 0x74dd3000 	C:\Windows\system32\api-ms-win-core-file-l2-1-0.dll
0x74dc0000 - 0x74dc3000 	C:\Windows\system32\api-ms-win-core-localization-l1-2-0.dll
0x71090000 - 0x71093000 	C:\Windows\system32\api-ms-win-core-synch-l1-2-0.dll
0x74db0000 - 0x74db3000 	C:\Windows\system32\api-ms-win-core-processthreads-l1-1-1.dll
0x74da0000 - 0x74da3000 	C:\Windows\system32\api-ms-win-core-file-l1-2-0.dll
0x74d90000 - 0x74d94000 	C:\Windows\system32\api-ms-win-crt-string-l1-1-0.dll
0x74d70000 - 0x74d73000 	C:\Windows\system32\api-ms-win-crt-heap-l1-1-0.dll
0x74d40000 - 0x74d44000 	C:\Windows\system32\api-ms-win-crt-stdio-l1-1-0.dll
0x74d30000 - 0x74d34000 	C:\Windows\system32\api-ms-win-crt-convert-l1-1-0.dll
0x72e70000 - 0x72e75000 	C:\Windows\System32\wshtcpip.dll
0x74be0000 - 0x74be6000 	C:\Windows\system32\rasadhlp.dll
0x74ba0000 - 0x74bd8000 	C:\Windows\System32\fwpuclnt.dll
0x553c0000 - 0x553e4000 	C:\Program Files (x86)\Java\jdk1.8.0_131\jre\bin\dcpr.dll
0x54ea0000 - 0x54eb5000 	C:\Program Files\Micro-Manager-2.032\mmgr_dal_RCM.dll
0x6d860000 - 0x6daf0000 	C:\Windows\system32\nicaiu.dll
0x64580000 - 0x645ec000 	C:\Windows\system32\NIPALU.dll
0x64500000 - 0x64506000 	C:\Windows\system32\nipalut.dll
0x74340000 - 0x74348000 	C:\Windows\system32\NIPAL32.dll
0x747f0000 - 0x747f3000 	C:\Windows\system32\api-ms-win-crt-utility-l1-1-0.dll
0x74320000 - 0x7433e000 	C:\Windows\system32\niorbu.dll
0x74420000 - 0x74438000 	C:\Windows\system32\nirpc.dll
0x74860000 - 0x748cc000 	C:\Windows\system32\MSVCP140.dll
0x74850000 - 0x74853000 	C:\Windows\system32\api-ms-win-crt-locale-l1-1-0.dll
0x74840000 - 0x74845000 	C:\Windows\system32\api-ms-win-crt-math-l1-1-0.dll
0x74830000 - 0x74835000 	C:\Windows\system32\api-ms-win-crt-multibyte-l1-1-0.dll
0x74820000 - 0x74823000 	C:\Windows\system32\api-ms-win-crt-time-l1-1-0.dll
0x74810000 - 0x74813000 	C:\Windows\system32\api-ms-win-crt-filesystem-l1-1-0.dll
0x74800000 - 0x74803000 	C:\Windows\system32\api-ms-win-crt-environment-l1-1-0.dll
0x742e0000 - 0x74317000 	C:\Windows\system32\nimdbgu.dll
0x6dba0000 - 0x6dfe4000 	C:\Windows\system32\nidmxfu.dll
0x15b20000 - 0x15b5d000 	C:\Windows\system32\nicrtsiu.dll
0x6f950000 - 0x6f9de000 	C:\Windows\WinSxS\x86_microsoft.vc90.crt_1fc8b3b9a1e18e3b_9.0.30729.6161_none_50934f2ebcb7eb57\MSVCP90.dll
0x72fc0000 - 0x73063000 	C:\Windows\WinSxS\x86_microsoft.vc90.crt_1fc8b3b9a1e18e3b_9.0.30729.6161_none_50934f2ebcb7eb57\MSVCR90.dll
0x74290000 - 0x742dc000 	C:\Windows\system32\nimxdfu.dll
0x6e1a0000 - 0x6e2a7000 	C:\Windows\system32\nimhwcfu.dll
0x74260000 - 0x74290000 	C:\Windows\system32\nidimu.dll
0x15c90000 - 0x15c99000 	C:\Windows\system32\niprtsiu.dll
0x751f0000 - 0x7549b000 	C:\Windows\syswow64\WININET.dll
0x778c0000 - 0x778c4000 	C:\Windows\syswow64\api-ms-win-downlevel-user32-l1-1-0.dll
0x75e30000 - 0x75e34000 	C:\Windows\syswow64\api-ms-win-downlevel-shlwapi-l1-1-0.dll
0x75e10000 - 0x75e14000 	C:\Windows\syswow64\api-ms-win-downlevel-version-l1-1-0.dll
0x75d10000 - 0x75d13000 	C:\Windows\syswow64\api-ms-win-downlevel-normaliz-l1-1-0.dll
0x75760000 - 0x75763000 	C:\Windows\syswow64\normaliz.DLL
0x76370000 - 0x765a5000 	C:\Windows\syswow64\iertutil.dll
0x75db0000 - 0x75db5000 	C:\Windows\syswow64\api-ms-win-downlevel-advapi32-l1-1-0.dll
0x756e0000 - 0x756f7000 	C:\Windows\syswow64\USERENV.dll
0x741d0000 - 0x74228000 	C:\Windows\system32\WINHTTP.dll
0x74180000 - 0x741cf000 	C:\Windows\system32\webio.dll

VM Arguments:
jvm_args: -Dfile.encoding=Cp1252 
java_command: ij.ImageJ
java_class_path (initial): C:\Users\Nikon-SIM\Documents\Danny\micro-manager\plugins\RCM\bin;C:\Program Files\Micro-Manager-2.032\plugins\Micro-Manager\Big.jar;C:\Program Files\Micro-Manager-2.032\plugins\Micro-Manager\bsh-2.0b6.jar;C:\Program Files\Micro-Manager-2.032\plugins\Micro-Manager\clojure-1.3.0.jar;C:\Program Files\Micro-Manager-2.032\plugins\Micro-Manager\commons-math-2.2.jar;C:\Program Files\Micro-Manager-2.032\plugins\Micro-Manager\commons-math3-3.4.1.jar;C:\Program Files\Micro-Manager-2.032\plugins\Micro-Manager\core.cache-0.6.2.jar;C:\Program Files\Micro-Manager-2.032\plugins\Micro-Manager\core.memoize-0.5.2.jar;C:\Program Files\Micro-Manager-2.032\plugins\Micro-Manager\data.json-0.1.1.jar;C:\Program Files\Micro-Manager-2.032\plugins\Micro-Manager\eventbus-1.4.jar;C:\Program Files\Micro-Manager-2.032\plugins\Micro-Manager\kryo-2.24.0.jar;C:\Program Files\Micro-Manager-2.032\plugins\Micro-Manager\minlog-1.2.jar;C:\Program Files\Micro-Manager-2.032\plugins\Micro-Manager\objenesis-2.1.jar;C:\Program Files\Micro-Manager-2.032\plugins\Micro-Manager\joda-time-2.2.jar;C:\Program Files\Micro-Manager-2.032\plugins\Micro-Manager\guava-17.0.jar;C:\Program Files\Micro-Manager-2.032\plugins\Micro-Manager\slf4j-api-1.7.6.jar;C:\Program Files\Micro-Manager-2.032\plugins\Micro-Manager\logback-core-1.1.1.jar;C:\Program Files\Micro-Manager-2.032\plugins\Micro-Manager\logback-classic-1.1.1.jar;C:\Program Files\Micro-Manager-2.032\plugins\Micro-Manager\serializer-2.7.1.jar;C:\Program Files\Micro-Manager-2.032\plugins\Micro-Manager\xml-apis-1.3.04.jar;C:\Program Files\Micro-Manager-2.032\plugins\Micro-Manager\xalan-2.7.1.jar;C:\Program Files\Micro-Manager-2.032\plugins\Micro-Manager\formats-common-5.1.1.jar;C:\Program Files\Micro-Manager-2.032\plugins\Micro-Manager\ome-xml-5.1.1.jar;C:\Program Files\Micro-Manager-2.032\plugins\Micro-Manager\formats-api-5.1.1.jar;C:\Program Files\Micro-Manager-2.032\plugins\Micro-Manager\gentyref-1.1.0.jar;C:\Program Files\Micro-Manager-2
Launcher Type: SUN_STANDARD

Environment Variables:
JAVA_HOME=C:\Program Files\Java\jdk1.8.0_121
PATH=C:/Program Files/Java/jre1.8.0_121/bin/server;C:/Program Files/Java/jre1.8.0_121/bin;C:/Program Files/Java/jre1.8.0_121/lib/amd64;C:\ProgramData\Oracle\Java\javapath;C:\Windows\system32;C:\Windows;C:\Windows\System32\Wbem;C:\Windows\System32\WindowsPowerShell\v1.0\;c:\Program Files (x86)\Common Files\Roxio Shared\DLLShared\;c:\Program Files (x86)\Common Files\Roxio Shared\10.0\DLLShared\;C:\Program Files\Nikon\Shared\dlls;C:\Program Files (x86)\IVI Foundation\VISA\WinNT\Bin;C:\XIMEA\API;C:\Users\Nikon-SIM\AppData\Local\Programs\Python\Python36\Scripts;C:\Users\Nikon-SIM\AppData\Local\Programs\Python\Python36;C:\Program Files (x86)\Microsoft Visual Studio\2017\Community\VC\Tools\MSVC\14.10.25017\bin\HostX64\x64;C:\Windows\system32\config\systemprofile\.dnx\bin;C:\Program Files\Microsoft DNX\Dnvm\;C:\Program Files\Microsoft SQL Server\130\Tools\Binn\;C:\Program Files (x86)\Microsoft Visual Studio\2017\Community\VC\Tools;C:\Users\Nikon-SIM\AppData\Local\Programs\Python\Python36\include;C:\Users\Nikon-SIM\AppData\Local\Programs\Python\Python36\libs;C:\cygwin\bin;C:\Program Files (x86)\IVI Foundation\VISA\WinNT\Bin\;C:\Program Files\IVI Foundation\VISA\Win64\Bin\;C:\Program Files\CMake\bin;c:\Program Files (x86)\Microsoft SQL Server\100\Tools\Binn\;c:\Program Files\Microsoft SQL Server\100\Tools\Binn\;c:\Program Files\Microsoft SQL Server\100\DTS\Binn\;C:\Program Files\Microsoft Windows Performance Toolkit\;C:\Users\Nikon-SIM\Documents\Danny\apache-ant-1.10.1\bin;C:\Users\Nikon-SIM\AppData\Local\Programs\Python\Python36\;C:\Users\Nikon-SIM\AppData\Local\Programs\Python\Python36\Scripts\;C:\Users\Nikon-SIM\AppData\Roaming\Microsoft\Windows\Start Menu\Programs\Eclipse;
USERNAME=Nikon-SIM
OS=Windows_NT
PROCESSOR_IDENTIFIER=Intel64 Family 6 Model 44 Stepping 2, GenuineIntel



---------------  S Y S T E M  ---------------

OS: Windows 7 , 64 bit Build 7601 (6.1.7601.23807)

CPU:total 12 (initial active 12) (6 cores per cpu, 2 threads per core) family 6 model 44 stepping 2, cmov, cx8, fxsr, mmx, sse, sse2, sse3, ssse3, sse4.1, sse4.2, popcnt, aes, clmul, ht, tsc, tscinvbit, tscinv

Memory: 4k page, physical 12565728k(6486704k free), swap 25129596k(18393968k free)

vm_info: Java HotSpot(TM) Client VM (25.131-b11) for windows-x86 JRE (1.8.0_131-b11), built on Mar 15 2017 01:26:29 by "java_re" with MS VC++ 10.0 (VS2010)

time: Mon Jul 10 15:40:57 2017
elapsed time: 2 seconds (0d 0h 0m 2s)

