#
# A fatal error has been detected by the Java Runtime Environment:
#
#  EXCEPTION_ACCESS_VIOLATION (0xc0000005) at pc=0x6de049a9, pid=12232, tid=6604
#
# JRE version: 6.0_31-b05
# Java VM: Java HotSpot(TM) Client VM (20.6-b01 mixed mode windows-x86 )
# Problematic frame:
# C  0x6de049a9
#
# If you would like to submit a bug report, please visit:
#   http://java.sun.com/webapps/bugreport/crash.jsp
# The crash happened outside the Java Virtual Machine in native code.
# See problematic frame for where to report the bug.
#

---------------  T H R E A D  ---------------

Current thread (0x28998000):  JavaThread "AWT-EventQueue-0" [_thread_in_native, id=6604, stack(0x2a920000,0x2a970000)]

siginfo: ExceptionCode=0xc0000005, reading address 0x2b01a000

Registers:
EAX=0x00000008, EBX=0x2a96c544, ECX=0x2a96c3f0, EDX=0x2b01a000
ESP=0x2a96c440, EBP=0x2a96c4ac, ESI=0x31a07304, EDI=0x30b00118
EIP=0x6de049a9, EFLAGS=0x00010202

Top of Stack: (sp=0x2a96c440)
0x2a96c440:   2b012d10 2a96c6f8 00000002 6dd704b7
0x2a96c450:   00000000 2b01a000 0000052a 00000008
0x2a96c460:   00089706 c0240000 00089706 4023fd80
0x2a96c470:   9999999a 40699999 00000000 00000000
0x2a96c480:   00027100 00000000 00000008 00000000
0x2a96c490:   2a96c528 6dd74529 00009c40 00000000
0x2a96c4a0:   00027100 2fd30ef0 00000001 2a96c4e8
0x2a96c4b0:   2e3f3e3b 2b012d10 00000008 2fd43cf8 

Instructions: (pc=0x6de049a9)
0x6de04989:   24 28 dd 47 10 dd 5c 24 30 dd 47 18 dd 5c 24 38
0x6de04999:   85 c0 0f 86 e1 00 00 00 89 44 24 18 8b 54 24 14
0x6de049a9:   dd 02 dd 44 24 20 d8 d9 df e0 f6 c4 41 75 2f dc
0x6de049b9:   57 38 df e0 f6 c4 05 7a 1e dd 47 30 83 ec 18 dd 


Register to memory mapping:

EAX=0x00000008 is an unknown value
EBX=0x2a96c544 is pointing into the stack for thread: 0x28998000
ECX=0x2a96c3f0 is pointing into the stack for thread: 0x28998000
EDX=0x2b01a000 is an unknown value
ESP=0x2a96c440 is pointing into the stack for thread: 0x28998000
EBP=0x2a96c4ac is pointing into the stack for thread: 0x28998000
ESI=0x31a07304 is an unknown value
EDI=0x30b00118 is an unknown value


Stack: [0x2a920000,0x2a970000],  sp=0x2a96c440,  free space=305k
Native frames: (J=compiled Java code, j=interpreted, Vv=VM code, C=native code)
C  0x6de049a9  nNIMSRL100::tSimulatedOutputStream::___ORBGetTObject+0xa519
C  [nicaiu.dll+0x203e3b]  DAQmxWriteCtrTicks+0x71b
C  0x6dd4db92  nNIMSRL100::tBufferInputStreamUserModeSettings::makeChangedSnapshotGetAvailable+0x1f2
C  0x6dd4e36e  nNIMSRL100::tBufferInputStreamUserModeSettings::makeChangedSnapshotGetAvailable+0x9ce
C  0x6dd76feb  nNIMSRL100::tNetworkProxyPrimitiveSettings::___ORBGetTObject+0x989b
C  0x6dd750bd  nNIMSRL100::tNetworkProxyPrimitiveSettings::___ORBGetTObject+0x796d
C  0x6dd4e2bf  nNIMSRL100::tBufferInputStreamUserModeSettings::makeChangedSnapshotGetAvailable+0x91f
C  0x6dd4e1c9  nNIMSRL100::tBufferInputStreamUserModeSettings::makeChangedSnapshotGetAvailable+0x829
C  0x6dbd2729  nNIMUCK100::tORBReflectionAdapter<nNIMEL200::iTaskFacade>::___CPPKRLCast+0x11c9
C  [nicaiu.dll+0x1ff9ba]  DAQmxWriteAnalogF64+0x3ba
C  0x5d252b0d  RCM::LoadBuffer+0x14d
C  0x5d252782  RCM::StartDASequence+0x82
C  0x5d252e98  RCM::SetupData+0xc8
C  0x5d253256  RCM::OnSweepFactor+0x26
C  0x5d25a614  MM::PropertyCollection::Get+0x34
C  0x5d253e86  CDeviceBase<MM::SignalIO,RCM>::GetProperty+0x76
C  [MMCoreJ_wrap.dll+0x753d1]  Java_mmcorej_MMCoreJJNI_CMMCore_1getPropertyBlockData+0x50cc1
C  [MMCoreJ_wrap.dll+0x369cd]  Java_mmcorej_MMCoreJJNI_CMMCore_1getPropertyBlockData+0x122bd
C  [MMCoreJ_wrap.dll+0x19a43]  Java_mmcorej_MMCoreJJNI_CMMCore_1getProperty+0xb3
j  mmcorej.MMCoreJJNI.CMMCore_getProperty(JLmmcorej/CMMCore;Ljava/lang/String;Ljava/lang/String;)Ljava/lang/String;+0
j  mmcorej.CMMCore.getProperty(Ljava/lang/String;Ljava/lang/String;)Ljava/lang/String;+7
j  org.micromanager.internal.hcwizard.Device.loadDataFromHardware(Lmmcorej/CMMCore;)V+100
j  org.micromanager.internal.hcwizard.DeviceSetupDlg.initializeDevice()Z+161
j  org.micromanager.internal.hcwizard.DeviceSetupDlg.onOK()V+298
j  org.micromanager.internal.hcwizard.DeviceSetupDlg$3.actionPerformed(Ljava/awt/event/ActionEvent;)V+4
j  javax.swing.AbstractButton.fireActionPerformed(Ljava/awt/event/ActionEvent;)V+84
j  javax.swing.AbstractButton$Handler.actionPerformed(Ljava/awt/event/ActionEvent;)V+5
j  javax.swing.DefaultButtonModel.fireActionPerformed(Ljava/awt/event/ActionEvent;)V+35
j  javax.swing.DefaultButtonModel.setPressed(Z)V+117
j  javax.swing.plaf.basic.BasicButtonListener.mouseReleased(Ljava/awt/event/MouseEvent;)V+35
j  java.awt.Component.processMouseEvent(Ljava/awt/event/MouseEvent;)V+64
j  javax.swing.JComponent.processMouseEvent(Ljava/awt/event/MouseEvent;)V+23
j  java.awt.Component.processEvent(Ljava/awt/AWTEvent;)V+81
j  java.awt.Container.processEvent(Ljava/awt/AWTEvent;)V+18
j  java.awt.Component.dispatchEventImpl(Ljava/awt/AWTEvent;)V+570
J  java.awt.Container.dispatchEventImpl(Ljava/awt/AWTEvent;)V
j  java.awt.LightweightDispatcher.dispatchEvent(Ljava/awt/AWTEvent;)Z+50
J  java.awt.Container.dispatchEventImpl(Ljava/awt/AWTEvent;)V
J  java.awt.EventQueue.dispatchEventImpl(Ljava/awt/AWTEvent;Ljava/lang/Object;)V
V  [jvm.dll+0xfac3b]
V  [jvm.dll+0x18c3a1]
V  [jvm.dll+0xfacbd]
V  [jvm.dll+0xbb654]
C  [java.dll+0x102f]  Java_java_security_AccessController_doPrivileged__Ljava_security_PrivilegedAction_2Ljava_security_AccessControlContext_2+0x17
J  java.security.AccessControlContext$1.doIntersectionPrivilege(Ljava/security/PrivilegedAction;Ljava/security/AccessControlContext;Ljava/security/AccessControlContext;)Ljava/lang/Object;
j  java.awt.EventQueue$2.run()Ljava/lang/Void;+11
j  java.awt.EventQueue$2.run()Ljava/lang/Object;+1
v  ~StubRoutines::call_stub
V  [jvm.dll+0xfac3b]
V  [jvm.dll+0x18c3a1]
V  [jvm.dll+0xfacbd]
V  [jvm.dll+0xbb654]
C  [java.dll+0x102f]  Java_java_security_AccessController_doPrivileged__Ljava_security_PrivilegedAction_2Ljava_security_AccessControlContext_2+0x17
J  java.awt.EventQueue.dispatchEvent(Ljava/awt/AWTEvent;)V
j  java.awt.Dialog$1.run()V+23
j  java.awt.Dialog$3.run()Ljava/lang/Object;+4
v  ~StubRoutines::call_stub
V  [jvm.dll+0xfac3b]
V  [jvm.dll+0x18c3a1]
V  [jvm.dll+0xfacbd]
V  [jvm.dll+0xbb654]
C  [java.dll+0x1015]  Java_java_security_AccessController_doPrivileged__Ljava_security_PrivilegedAction_2+0x15
j  java.awt.Dialog.show()V+223
j  java.awt.Component.show(Z)V+5
j  java.awt.Component.setVisible(Z)V+2
j  java.awt.Window.setVisible(Z)V+2
j  java.awt.Dialog.setVisible(Z)V+2
j  org.micromanager.internal.hcwizard.DeviceSetupDlg.<init>(Lorg/micromanager/internal/hcwizard/MicroscopeModel;Lmmcorej/CMMCore;Lorg/micromanager/internal/hcwizard/Device;)V+689
j  org.micromanager.internal.hcwizard.DevicesPage.addDevice()Z+233
j  org.micromanager.internal.hcwizard.DevicesPage.access$000(Lorg/micromanager/internal/hcwizard/DevicesPage;)Z+1
j  org.micromanager.internal.hcwizard.DevicesPage$TreeMouseListener.mousePressed(Ljava/awt/event/MouseEvent;)V+12
j  java.awt.AWTEventMulticaster.mousePressed(Ljava/awt/event/MouseEvent;)V+21
j  java.awt.Component.processMouseEvent(Ljava/awt/event/MouseEvent;)V+54
j  javax.swing.JComponent.processMouseEvent(Ljava/awt/event/MouseEvent;)V+23
j  java.awt.Component.processEvent(Ljava/awt/AWTEvent;)V+81
j  java.awt.Container.processEvent(Ljava/awt/AWTEvent;)V+18
j  java.awt.Component.dispatchEventImpl(Ljava/awt/AWTEvent;)V+570
J  java.awt.Container.dispatchEventImpl(Ljava/awt/AWTEvent;)V
j  java.awt.LightweightDispatcher.dispatchEvent(Ljava/awt/AWTEvent;)Z+50
J  java.awt.Container.dispatchEventImpl(Ljava/awt/AWTEvent;)V
J  java.awt.EventQueue.dispatchEventImpl(Ljava/awt/AWTEvent;Ljava/lang/Object;)V
V  [jvm.dll+0xfac3b]
V  [jvm.dll+0x18c3a1]
V  [jvm.dll+0xfacbd]
V  [jvm.dll+0xbb654]
C  [java.dll+0x102f]  Java_java_security_AccessController_doPrivileged__Ljava_security_PrivilegedAction_2Ljava_security_AccessControlContext_2+0x17
J  java.security.AccessControlContext$1.doIntersectionPrivilege(Ljava/security/PrivilegedAction;Ljava/security/AccessControlContext;Ljava/security/AccessControlContext;)Ljava/lang/Object;
j  java.awt.EventQueue$2.run()Ljava/lang/Void;+11
j  java.awt.EventQueue$2.run()Ljava/lang/Object;+1
v  ~StubRoutines::call_stub
V  [jvm.dll+0xfac3b]
V  [jvm.dll+0x18c3a1]
V  [jvm.dll+0xfacbd]
V  [jvm.dll+0xbb654]
C  [java.dll+0x102f]  Java_java_security_AccessController_doPrivileged__Ljava_security_PrivilegedAction_2Ljava_security_AccessControlContext_2+0x17
J  java.awt.EventQueue.dispatchEvent(Ljava/awt/AWTEvent;)V
j  java.awt.EventDispatchThread.pumpEventsForFilter(Ljava/awt/Conditional;Ljava/awt/EventFilter;)V+4
j  java.awt.Dialog$1.run()V+23
j  java.awt.event.InvocationEvent.dispatch()V+47
J  java.awt.EventQueue.dispatchEventImpl(Ljava/awt/AWTEvent;Ljava/lang/Object;)V
...<more frames>...

Java frames: (J=compiled Java code, j=interpreted, Vv=VM code)
j  mmcorej.MMCoreJJNI.CMMCore_getProperty(JLmmcorej/CMMCore;Ljava/lang/String;Ljava/lang/String;)Ljava/lang/String;+0
j  mmcorej.CMMCore.getProperty(Ljava/lang/String;Ljava/lang/String;)Ljava/lang/String;+7
j  org.micromanager.internal.hcwizard.Device.loadDataFromHardware(Lmmcorej/CMMCore;)V+100
j  org.micromanager.internal.hcwizard.DeviceSetupDlg.initializeDevice()Z+161
j  org.micromanager.internal.hcwizard.DeviceSetupDlg.onOK()V+298
j  org.micromanager.internal.hcwizard.DeviceSetupDlg$3.actionPerformed(Ljava/awt/event/ActionEvent;)V+4
j  javax.swing.AbstractButton.fireActionPerformed(Ljava/awt/event/ActionEvent;)V+84
j  javax.swing.AbstractButton$Handler.actionPerformed(Ljava/awt/event/ActionEvent;)V+5
j  javax.swing.DefaultButtonModel.fireActionPerformed(Ljava/awt/event/ActionEvent;)V+35
j  javax.swing.DefaultButtonModel.setPressed(Z)V+117
j  javax.swing.plaf.basic.BasicButtonListener.mouseReleased(Ljava/awt/event/MouseEvent;)V+35
j  java.awt.Component.processMouseEvent(Ljava/awt/event/MouseEvent;)V+64
j  javax.swing.JComponent.processMouseEvent(Ljava/awt/event/MouseEvent;)V+23
j  java.awt.Component.processEvent(Ljava/awt/AWTEvent;)V+81
j  java.awt.Container.processEvent(Ljava/awt/AWTEvent;)V+18
j  java.awt.Component.dispatchEventImpl(Ljava/awt/AWTEvent;)V+570
J  java.awt.Container.dispatchEventImpl(Ljava/awt/AWTEvent;)V
J  java.awt.LightweightDispatcher.retargetMouseEvent(Ljava/awt/Component;ILjava/awt/event/MouseEvent;)V
j  java.awt.LightweightDispatcher.processMouseEvent(Ljava/awt/event/MouseEvent;)Z+139
j  java.awt.LightweightDispatcher.dispatchEvent(Ljava/awt/AWTEvent;)Z+50
J  java.awt.Container.dispatchEventImpl(Ljava/awt/AWTEvent;)V
j  java.awt.Window.dispatchEventImpl(Ljava/awt/AWTEvent;)V+65
J  java.awt.EventQueue.dispatchEventImpl(Ljava/awt/AWTEvent;Ljava/lang/Object;)V
J  java.awt.EventQueue$1.run()Ljava/lang/Object;
v  ~StubRoutines::call_stub
J  java.security.AccessController.doPrivileged(Ljava/security/PrivilegedAction;Ljava/security/AccessControlContext;)Ljava/lang/Object;
J  java.security.AccessControlContext$1.doIntersectionPrivilege(Ljava/security/PrivilegedAction;Ljava/security/AccessControlContext;Ljava/security/AccessControlContext;)Ljava/lang/Object;
j  java.security.AccessControlContext$1.doIntersectionPrivilege(Ljava/security/PrivilegedAction;Ljava/security/AccessControlContext;)Ljava/lang/Object;+6
j  java.awt.EventQueue$2.run()Ljava/lang/Void;+11
j  java.awt.EventQueue$2.run()Ljava/lang/Object;+1
v  ~StubRoutines::call_stub
J  java.security.AccessController.doPrivileged(Ljava/security/PrivilegedAction;Ljava/security/AccessControlContext;)Ljava/lang/Object;
J  java.awt.EventQueue.dispatchEvent(Ljava/awt/AWTEvent;)V
J  java.awt.EventDispatchThread.pumpOneEventForFilters(I)Z
J  java.awt.EventDispatchThread.pumpEventsForFilter(ILjava/awt/Conditional;Ljava/awt/EventFilter;)V
j  java.awt.EventDispatchThread.pumpEventsForFilter(Ljava/awt/Conditional;Ljava/awt/EventFilter;)V+4
j  java.awt.Dialog$1.run()V+23
j  java.awt.Dialog$3.run()Ljava/lang/Object;+4
v  ~StubRoutines::call_stub
J  java.security.AccessController.doPrivileged(Ljava/security/PrivilegedAction;)Ljava/lang/Object;
j  java.awt.Dialog.show()V+223
j  java.awt.Component.show(Z)V+5
j  java.awt.Component.setVisible(Z)V+2
j  java.awt.Window.setVisible(Z)V+2
j  java.awt.Dialog.setVisible(Z)V+2
j  org.micromanager.internal.hcwizard.DeviceSetupDlg.<init>(Lorg/micromanager/internal/hcwizard/MicroscopeModel;Lmmcorej/CMMCore;Lorg/micromanager/internal/hcwizard/Device;)V+689
j  org.micromanager.internal.hcwizard.DevicesPage.addDevice()Z+233
j  org.micromanager.internal.hcwizard.DevicesPage.access$000(Lorg/micromanager/internal/hcwizard/DevicesPage;)Z+1
j  org.micromanager.internal.hcwizard.DevicesPage$TreeMouseListener.mousePressed(Ljava/awt/event/MouseEvent;)V+12
j  java.awt.AWTEventMulticaster.mousePressed(Ljava/awt/event/MouseEvent;)V+21
j  java.awt.Component.processMouseEvent(Ljava/awt/event/MouseEvent;)V+54
j  javax.swing.JComponent.processMouseEvent(Ljava/awt/event/MouseEvent;)V+23
j  java.awt.Component.processEvent(Ljava/awt/AWTEvent;)V+81
j  java.awt.Container.processEvent(Ljava/awt/AWTEvent;)V+18
j  java.awt.Component.dispatchEventImpl(Ljava/awt/AWTEvent;)V+570
J  java.awt.Container.dispatchEventImpl(Ljava/awt/AWTEvent;)V
J  java.awt.LightweightDispatcher.retargetMouseEvent(Ljava/awt/Component;ILjava/awt/event/MouseEvent;)V
j  java.awt.LightweightDispatcher.processMouseEvent(Ljava/awt/event/MouseEvent;)Z+126
j  java.awt.LightweightDispatcher.dispatchEvent(Ljava/awt/AWTEvent;)Z+50
J  java.awt.Container.dispatchEventImpl(Ljava/awt/AWTEvent;)V
j  java.awt.Window.dispatchEventImpl(Ljava/awt/AWTEvent;)V+65
J  java.awt.EventQueue.dispatchEventImpl(Ljava/awt/AWTEvent;Ljava/lang/Object;)V
J  java.awt.EventQueue$1.run()Ljava/lang/Object;
v  ~StubRoutines::call_stub
J  java.security.AccessController.doPrivileged(Ljava/security/PrivilegedAction;Ljava/security/AccessControlContext;)Ljava/lang/Object;
J  java.security.AccessControlContext$1.doIntersectionPrivilege(Ljava/security/PrivilegedAction;Ljava/security/AccessControlContext;Ljava/security/AccessControlContext;)Ljava/lang/Object;
j  java.security.AccessControlContext$1.doIntersectionPrivilege(Ljava/security/PrivilegedAction;Ljava/security/AccessControlContext;)Ljava/lang/Object;+6
j  java.awt.EventQueue$2.run()Ljava/lang/Void;+11
j  java.awt.EventQueue$2.run()Ljava/lang/Object;+1
v  ~StubRoutines::call_stub
J  java.security.AccessController.doPrivileged(Ljava/security/PrivilegedAction;Ljava/security/AccessControlContext;)Ljava/lang/Object;
J  java.awt.EventQueue.dispatchEvent(Ljava/awt/AWTEvent;)V
J  java.awt.EventDispatchThread.pumpOneEventForFilters(I)Z
j  java.awt.EventDispatchThread.pumpEventsForFilter(ILjava/awt/Conditional;Ljava/awt/EventFilter;)V+30
j  java.awt.EventDispatchThread.pumpEventsForFilter(Ljava/awt/Conditional;Ljava/awt/EventFilter;)V+4
j  java.awt.Dialog$1.run()V+23
j  java.awt.event.InvocationEvent.dispatch()V+47
J  java.awt.EventQueue.dispatchEventImpl(Ljava/awt/AWTEvent;Ljava/lang/Object;)V
J  java.awt.EventQueue$1.run()Ljava/lang/Object;
v  ~StubRoutines::call_stub
J  java.security.AccessController.doPrivileged(Ljava/security/PrivilegedAction;Ljava/security/AccessControlContext;)Ljava/lang/Object;
J  java.security.AccessControlContext$1.doIntersectionPrivilege(Ljava/security/PrivilegedAction;Ljava/security/AccessControlContext;Ljava/security/AccessControlContext;)Ljava/lang/Object;
j  java.security.AccessControlContext$1.doIntersectionPrivilege(Ljava/security/PrivilegedAction;Ljava/security/AccessControlContext;)Ljava/lang/Object;+6
j  java.awt.EventQueue$2.run()Ljava/lang/Void;+11
j  java.awt.EventQueue$2.run()Ljava/lang/Object;+1
v  ~StubRoutines::call_stub
J  java.security.AccessController.doPrivileged(Ljava/security/PrivilegedAction;Ljava/security/AccessControlContext;)Ljava/lang/Object;
J  java.awt.EventQueue.dispatchEvent(Ljava/awt/AWTEvent;)V
J  java.awt.EventDispatchThread.pumpOneEventForFilters(I)Z
j  java.awt.EventDispatchThread.pumpEventsForFilter(ILjava/awt/Conditional;Ljava/awt/EventFilter;)V+30
j  java.awt.EventDispatchThread.pumpEventsForHierarchy(ILjava/awt/Conditional;Ljava/awt/Component;)V+11
j  java.awt.EventDispatchThread.pumpEvents(ILjava/awt/Conditional;)V+4
j  java.awt.EventDispatchThread.pumpEvents(Ljava/awt/Conditional;)V+3
j  java.awt.EventDispatchThread.run()V+9
v  ~StubRoutines::call_stub

---------------  P R O C E S S  ---------------

Java Threads: ( => current thread )
  0x2cf26000 JavaThread "Thread-7" [_thread_blocked, id=12540, stack(0x2e140000,0x2e190000)]
  0x2cf25800 JavaThread "Image Fetcher 0" daemon [_thread_blocked, id=10056, stack(0x30230000,0x30280000)]
  0x2cf24c00 JavaThread "BeanShell interpreter" [_thread_blocked, id=11416, stack(0x30190000,0x301e0000)]
  0x2cf25000 JavaThread "Thread-5" [_thread_blocked, id=11680, stack(0x2b750000,0x2b7a0000)]
  0x2cf24400 JavaThread "Swing-Shell" daemon [_thread_blocked, id=7268, stack(0x2b6b0000,0x2b700000)]
  0x2ac71c00 JavaThread "D3D Screen Updater" daemon [_thread_blocked, id=9352, stack(0x2b5e0000,0x2b630000)]
  0x2acf8400 JavaThread "TimerQueue" daemon [_thread_blocked, id=12120, stack(0x2b470000,0x2b4c0000)]
  0x2ab2e400 JavaThread "EDTHangLogger timer" daemon [_thread_blocked, id=6956, stack(0x2b280000,0x2b2d0000)]
  0x2ab2dc00 JavaThread "User profile save thread" [_thread_blocked, id=10396, stack(0x2b140000,0x2b190000)]
  0x0242b000 JavaThread "DestroyJavaVM" [_thread_blocked, id=12368, stack(0x00380000,0x003d0000)]
=>0x28998000 JavaThread "AWT-EventQueue-0" [_thread_in_native, id=6604, stack(0x2a920000,0x2a970000)]
  0x2883ac00 JavaThread "AWT-Windows" daemon [_thread_in_native, id=12172, stack(0x29120000,0x29170000)]
  0x2883a800 JavaThread "AWT-Shutdown" [_thread_blocked, id=12064, stack(0x29090000,0x290e0000)]
  0x2883a000 JavaThread "Java2D Disposer" daemon [_thread_blocked, id=8468, stack(0x28eb0000,0x28f00000)]
  0x2880a000 JavaThread "Low Memory Detector" daemon [_thread_blocked, id=11332, stack(0x28bf0000,0x28c40000)]
  0x28805000 JavaThread "C1 CompilerThread0" daemon [_thread_blocked, id=11892, stack(0x28b60000,0x28bb0000)]
  0x28802400 JavaThread "Attach Listener" daemon [_thread_blocked, id=6560, stack(0x28ad0000,0x28b20000)]
  0x023bf000 JavaThread "Signal Dispatcher" daemon [_thread_blocked, id=11120, stack(0x28a40000,0x28a90000)]
  0x02393400 JavaThread "Finalizer" daemon [_thread_blocked, id=9516, stack(0x287b0000,0x28800000)]
  0x0238e800 JavaThread "Reference Handler" daemon [_thread_blocked, id=12112, stack(0x28720000,0x28770000)]

Other Threads:
  0x0238a800 VMThread [stack: 0x28690000,0x286e0000] [id=9312]
  0x2881bc00 WatcherThread [stack: 0x28c80000,0x28cd0000] [id=11924]

VM state:not at safepoint (normal execution)

VM Mutex/Monitor currently owned by a thread: None

Heap
 def new generation   total 4992K, used 4043K [0x044b0000, 0x04a10000, 0x0ef50000)
  eden space 4480K,  81% used [0x044b0000, 0x0483e990, 0x04910000)
  from space 512K,  78% used [0x04990000, 0x049f4380, 0x04a10000)
  to   space 512K,   0% used [0x04910000, 0x04910000, 0x04990000)
 tenured generation   total 10944K, used 9598K [0x0ef50000, 0x0fa00000, 0x244b0000)
   the space 10944K,  87% used [0x0ef50000, 0x0f8af868, 0x0f8afa00, 0x0fa00000)
 compacting perm gen  total 27904K, used 27730K [0x244b0000, 0x25ff0000, 0x284b0000)
   the space 27904K,  99% used [0x244b0000, 0x25fc4ad0, 0x25fc4c00, 0x25ff0000)
No shared spaces configured.

Code Cache  [0x02430000, 0x02730000, 0x04430000)
 total_blobs=1919 nmethods=1639 adapters=214 free_code_cache=30410432 largest_free_block=256

Dynamic libraries:
0x00400000 - 0x00425000 	C:\Program Files\Micro-Manager-2.032\jre\bin\javaw.exe
0x77720000 - 0x778a0000 	C:\Windows\SysWOW64\ntdll.dll
0x77210000 - 0x77320000 	C:\Windows\syswow64\kernel32.dll
0x75090000 - 0x750d7000 	C:\Windows\syswow64\KERNELBASE.dll
0x76250000 - 0x762f1000 	C:\Windows\syswow64\ADVAPI32.dll
0x77160000 - 0x7720c000 	C:\Windows\syswow64\msvcrt.dll
0x76550000 - 0x76569000 	C:\Windows\SysWOW64\sechost.dll
0x76300000 - 0x763f0000 	C:\Windows\syswow64\RPCRT4.dll
0x74fc0000 - 0x75020000 	C:\Windows\syswow64\SspiCli.dll
0x74fb0000 - 0x74fbc000 	C:\Windows\syswow64\CRYPTBASE.dll
0x76e10000 - 0x76f10000 	C:\Windows\syswow64\USER32.dll
0x76c30000 - 0x76cc0000 	C:\Windows\syswow64\GDI32.dll
0x76580000 - 0x7658a000 	C:\Windows\syswow64\LPK.dll
0x76100000 - 0x7619d000 	C:\Windows\syswow64\USP10.dll
0x765d0000 - 0x76630000 	C:\Windows\system32\IMM32.DLL
0x75d50000 - 0x75e1d000 	C:\Windows\syswow64\MSCTF.dll
0x7c340000 - 0x7c396000 	C:\Program Files\Micro-Manager-2.032\jre\bin\msvcr71.dll
0x6d7f0000 - 0x6da9f000 	C:\Program Files\Micro-Manager-2.032\jre\bin\client\jvm.dll
0x6f3c0000 - 0x6f3f2000 	C:\Windows\system32\WINMM.dll
0x6fe90000 - 0x6fedc000 	C:\Windows\system32\apphelp.dll
0x6d7a0000 - 0x6d7ac000 	C:\Program Files\Micro-Manager-2.032\jre\bin\verify.dll
0x6d320000 - 0x6d33f000 	C:\Program Files\Micro-Manager-2.032\jre\bin\java.dll
0x6d7e0000 - 0x6d7ef000 	C:\Program Files\Micro-Manager-2.032\jre\bin\zip.dll
0x6d000000 - 0x6d14c000 	C:\Program Files\Micro-Manager-2.032\jre\bin\awt.dll
0x74e80000 - 0x74ed1000 	C:\Windows\system32\WINSPOOL.DRV
0x75ed0000 - 0x7602d000 	C:\Windows\syswow64\ole32.dll
0x6f5e0000 - 0x6f77e000 	C:\Windows\WinSxS\x86_microsoft.windows.common-controls_6595b64144ccf1df_6.0.7601.18837_none_41e855142bd5705d\COMCTL32.dll
0x76650000 - 0x766a7000 	C:\Windows\syswow64\SHLWAPI.dll
0x6fcc0000 - 0x6fcd3000 	C:\Windows\system32\DWMAPI.DLL
0x6fd80000 - 0x6fe00000 	C:\Windows\system32\uxtheme.dll
0x6d230000 - 0x6d27f000 	C:\Program Files\Micro-Manager-2.032\jre\bin\fontmanager.dll
0x626b0000 - 0x62873000 	C:\Windows\system32\d3d9.dll
0x74ee0000 - 0x74ee9000 	C:\Windows\system32\VERSION.dll
0x6b960000 - 0x6b966000 	C:\Windows\system32\d3d8thk.dll
0x5a270000 - 0x5b11e000 	C:\Windows\system32\nvd3dum.dll
0x76240000 - 0x76245000 	C:\Windows\syswow64\PSAPI.DLL
0x6b2f0000 - 0x6b315000 	C:\Windows\system32\powrprof.dll
0x76a90000 - 0x76c2d000 	C:\Windows\syswow64\SETUPAPI.dll
0x764a0000 - 0x764c7000 	C:\Windows\syswow64\CFGMGR32.dll
0x75e20000 - 0x75eb1000 	C:\Windows\syswow64\OLEAUT32.dll
0x76030000 - 0x76042000 	C:\Windows\syswow64\DEVOBJ.dll
0x2a660000 - 0x2a74b000 	C:\Program Files (x86)\NVIDIA Corporation\3D Vision\nvSCPAPI.dll
0x66d40000 - 0x66d8c000 	C:\Windows\system32\dxgi.dll
0x750e0000 - 0x75d2b000 	C:\Windows\syswow64\SHELL32.dll
0x6d600000 - 0x6d613000 	C:\Program Files\Micro-Manager-2.032\jre\bin\net.dll
0x76590000 - 0x765c5000 	C:\Windows\syswow64\WS2_32.dll
0x776f0000 - 0x776f6000 	C:\Windows\syswow64\NSI.dll
0x72b20000 - 0x72b5c000 	C:\Windows\system32\mswsock.dll
0x72c70000 - 0x72c76000 	C:\Windows\System32\wship6.dll
0x6d620000 - 0x6d629000 	C:\Program Files\Micro-Manager-2.032\jre\bin\nio.dll
0x5d290000 - 0x5d366000 	C:\Program Files\Micro-Manager-2.032\MMCoreJ_wrap.dll
0x72410000 - 0x7242c000 	C:\Windows\system32\IPHLPAPI.DLL
0x72c60000 - 0x72c67000 	C:\Windows\system32\WINNSI.DLL
0x66210000 - 0x66279000 	C:\Windows\system32\MSVCP100.dll
0x6b990000 - 0x6ba4f000 	C:\Windows\system32\MSVCR100.dll
0x6d550000 - 0x6d559000 	C:\Program Files\Micro-Manager-2.032\jre\bin\management.dll
0x6fb90000 - 0x6fba0000 	C:\Windows\system32\NLAapi.dll
0x6fb80000 - 0x6fb90000 	C:\Windows\system32\napinsp.dll
0x6fb60000 - 0x6fb72000 	C:\Windows\system32\pnrpnsp.dll
0x6fb10000 - 0x6fb54000 	C:\Windows\system32\DNSAPI.dll
0x6fb00000 - 0x6fb08000 	C:\Windows\System32\winrnr.dll
0x6fad0000 - 0x6fad8000 	C:\Program Files (x86)\National Instruments\Shared\mDNS Responder\nimdnsNSP.dll
0x6fac0000 - 0x6facd000 	C:\Windows\system32\nimdnsResponder.dll
0x6faa0000 - 0x6fab4000 	C:\Windows\system32\VCRUNTIME140.dll
0x6fa90000 - 0x6fa94000 	C:\Windows\system32\api-ms-win-crt-runtime-l1-1-0.dll
0x6f9a0000 - 0x6fa81000 	C:\Windows\system32\ucrtbase.DLL
0x6f990000 - 0x6f993000 	C:\Windows\system32\api-ms-win-core-timezone-l1-1-0.dll
0x6f8b0000 - 0x6f8b3000 	C:\Windows\system32\api-ms-win-core-file-l2-1-0.dll
0x6f8a0000 - 0x6f8a3000 	C:\Windows\system32\api-ms-win-core-localization-l1-2-0.dll
0x73b10000 - 0x73b13000 	C:\Windows\system32\api-ms-win-core-synch-l1-2-0.dll
0x73b00000 - 0x73b03000 	C:\Windows\system32\api-ms-win-core-processthreads-l1-1-1.dll
0x73af0000 - 0x73af3000 	C:\Windows\system32\api-ms-win-core-file-l1-2-0.dll
0x73ae0000 - 0x73ae4000 	C:\Windows\system32\api-ms-win-crt-string-l1-1-0.dll
0x73ad0000 - 0x73ad3000 	C:\Windows\system32\api-ms-win-crt-heap-l1-1-0.dll
0x73ac0000 - 0x73ac4000 	C:\Windows\system32\api-ms-win-crt-stdio-l1-1-0.dll
0x72ee0000 - 0x72ee4000 	C:\Windows\system32\api-ms-win-crt-convert-l1-1-0.dll
0x72c80000 - 0x72c85000 	C:\Windows\System32\wshtcpip.dll
0x72ed0000 - 0x72ed6000 	C:\Windows\system32\rasadhlp.dll
0x6be50000 - 0x6be88000 	C:\Windows\System32\fwpuclnt.dll
0x6d1a0000 - 0x6d1c3000 	C:\Program Files\Micro-Manager-2.032\jre\bin\dcpr.dll
0x761b0000 - 0x76233000 	C:\Windows\syswow64\CLBCatQ.DLL
0x74a00000 - 0x74af5000 	C:\Windows\system32\propsys.dll
0x74e50000 - 0x74e71000 	C:\Windows\system32\ntmarta.dll
0x763f0000 - 0x76435000 	C:\Windows\syswow64\WLDAP32.dll
0x59380000 - 0x59518000 	C:\Windows\system32\NetworkExplorer.dll
0x5b940000 - 0x5b96f000 	C:\Windows\System32\shdocvw.dll
0x76570000 - 0x7657b000 	C:\Windows\syswow64\profapi.dll
0x60cb0000 - 0x60cba000 	C:\Windows\system32\slc.dll
0x6a3e0000 - 0x6a511000 	C:\Windows\system32\WindowsCodecs.dll
0x60c50000 - 0x60c81000 	C:\Windows\system32\EhStorShell.dll
0x60b70000 - 0x60be0000 	C:\Windows\system32\ntshrui.dll
0x6f370000 - 0x6f389000 	C:\Windows\system32\srvcli.dll
0x60cc0000 - 0x60ccb000 	C:\Windows\system32\cscapi.dll
0x6b3e0000 - 0x6b3f2000 	C:\Windows\system32\MPR.dll
0x5b890000 - 0x5b898000 	C:\Windows\System32\drprov.dll
0x6ff00000 - 0x6ff29000 	C:\Windows\System32\WINSTA.dll
0x5b870000 - 0x5b884000 	C:\Windows\System32\ntlanman.dll
0x5b850000 - 0x5b868000 	C:\Windows\System32\davclnt.dll
0x5b840000 - 0x5b848000 	C:\Windows\System32\DAVHLPR.dll
0x6f360000 - 0x6f36f000 	C:\Windows\system32\wkscli.dll
0x6f390000 - 0x6f399000 	C:\Windows\system32\netutils.dll
0x5ce10000 - 0x5d048000 	C:\Windows\system32\wpdshext.dll
0x6ef10000 - 0x6f0a1000 	C:\Windows\WinSxS\x86_microsoft.windows.gdiplus_6595b64144ccf1df_1.1.7601.23721_none_5c052bcda00f9399\gdiplus.dll
0x5d3c0000 - 0x5d449000 	C:\Windows\system32\PortableDeviceApi.dll
0x76440000 - 0x7646f000 	C:\Windows\syswow64\WINTRUST.dll
0x766b0000 - 0x767d1000 	C:\Windows\syswow64\CRYPT32.dll
0x761a0000 - 0x761ac000 	C:\Windows\syswow64\MSASN1.dll
0x5d5e0000 - 0x5d61f000 	C:\Windows\system32\audiodev.dll
0x5c7f0000 - 0x5ca57000 	C:\Windows\system32\WMVCore.DLL
0x5d620000 - 0x5d65d000 	C:\Windows\system32\WMASF.DLL
0x5d4c0000 - 0x5d4e2000 	C:\Windows\system32\EhStorAPI.dll
0x5bd00000 - 0x5bd09000 	C:\Windows\system32\LINKINFO.dll
0x74de0000 - 0x74de8000 	C:\Windows\system32\Secur32.dll
0x6f350000 - 0x6f35f000 	C:\Windows\system32\samcli.dll
0x74dc0000 - 0x74dd2000 	C:\Windows\system32\SAMLIB.dll
0x70f10000 - 0x70f27000 	C:\Windows\system32\CRYPTSP.dll
0x70ed0000 - 0x70f0b000 	C:\Windows\system32\rsaenh.dll
0x75d30000 - 0x75d47000 	C:\Windows\syswow64\USERENV.dll
0x5d380000 - 0x5d3ba000 	C:\Program Files\Micro-Manager-2.032\mmgr_dal_DemoCamera.dll
0x5d270000 - 0x5d289000 	C:\Program Files\Micro-Manager-2.032\mmgr_dal_NI100X.dll
0x2e1f0000 - 0x2e480000 	C:\Windows\system32\nicaiu.dll
0x64580000 - 0x645ec000 	C:\Windows\system32\NIPALU.dll
0x64500000 - 0x64506000 	C:\Windows\system32\nipalut.dll
0x6b8d0000 - 0x6b8d8000 	C:\Windows\system32\NIPAL32.dll
0x6bd80000 - 0x6bd83000 	C:\Windows\system32\api-ms-win-crt-utility-l1-1-0.dll
0x6b8b0000 - 0x6b8ce000 	C:\Windows\system32\niorbu.dll
0x6bb60000 - 0x6bb78000 	C:\Windows\system32\nirpc.dll
0x72de0000 - 0x72de7000 	C:\Windows\system32\WSOCK32.dll

VM Arguments:
jvm_args: -XX:SoftRefLRUPolicyMSPerMB=1000000000000 -Dsun.java2d.dpiaware=false -Xmx512m 
java_command: ij.ImageJ -ijpath C:\PROGRA~1\MICRO-~1.032\
Launcher Type: SUN_STANDARD

Environment Variables:
JAVA_HOME=C:\Program Files\Java\jdk1.8.0_121
PATH=C:\ProgramData\Oracle\Java\javapath;C:\Windows\system32;C:\Windows;C:\Windows\System32\Wbem;C:\Windows\System32\WindowsPowerShell\v1.0\;c:\Program Files (x86)\Common Files\Roxio Shared\DLLShared\;c:\Program Files (x86)\Common Files\Roxio Shared\10.0\DLLShared\;C:\Program Files\Nikon\Shared\dlls;C:\Program Files (x86)\IVI Foundation\VISA\WinNT\Bin;C:\XIMEA\API;C:\Users\Nikon-SIM\AppData\Local\Programs\Python\Python36\Scripts;C:\Users\Nikon-SIM\AppData\Local\Programs\Python\Python36;C:\Program Files (x86)\Microsoft Visual Studio\2017\Community\VC\Tools\MSVC\14.10.25017\bin\HostX64\x64;C:\Windows\system32\config\systemprofile\.dnx\bin;C:\Program Files\Microsoft DNX\Dnvm\;C:\Program Files\Microsoft SQL Server\130\Tools\Binn\;C:\Program Files (x86)\Microsoft Visual Studio\2017\Community\VC\Tools;C:\Users\Nikon-SIM\AppData\Local\Programs\Python\Python36\include;C:\Users\Nikon-SIM\AppData\Local\Programs\Python\Python36\libs;C:\cygwin\bin;C:\Program Files (x86)\IVI Foundation\VISA\WinNT\Bin\;C:\Program Files\IVI Foundation\VISA\Win64\Bin\;C:\Program Files\CMake\bin;c:\Program Files (x86)\Microsoft SQL Server\100\Tools\Binn\;c:\Program Files\Microsoft SQL Server\100\Tools\Binn\;c:\Program Files\Microsoft SQL Server\100\DTS\Binn\;C:\Program Files\Microsoft Windows Performance Toolkit\;C:\Users\Nikon-SIM\Documents\Danny\apache-ant-1.10.1\bin;C:\Users\Nikon-SIM\AppData\Local\Programs\Python\Python36\;C:\Users\Nikon-SIM\AppData\Local\Programs\Python\Python36\Scripts\
USERNAME=Nikon-SIM
OS=Windows_NT
PROCESSOR_IDENTIFIER=Intel64 Family 6 Model 44 Stepping 2, GenuineIntel



---------------  S Y S T E M  ---------------

OS: Windows 7 , 64 bit Build 7601 Service Pack 1

CPU:total 12 (6 cores per cpu, 2 threads per core) family 6 model 44 stepping 2, cmov, cx8, fxsr, mmx, sse, sse2, sse3, ssse3, sse4.1, sse4.2, popcnt, ht

Memory: 4k page, physical 12565728k(4913088k free), swap 25129596k(15354756k free)

vm_info: Java HotSpot(TM) Client VM (20.6-b01) for windows-x86 JRE (1.6.0_31-b05), built on Feb  3 2012 18:44:09 by "java_re" with MS VC++ 7.1 (VS2003)

time: Thu Jun 08 17:35:06 2017
elapsed time: 20 seconds

